<?xml version="1.0" encoding="UTF-8" ?>
<testsuite errors="0" failures="18" hostname="cloudzon1" name="com.safenet.restclient.AllTests" tests="19" time="97.688" timestamp="2012-06-25T12:27:36">
  <properties>
[...]
</properties>
  <testcase classname="com.safenet.restclient.AuthenticatorTest" name="logoutTest" time="2.652">
    <failure type="junit.framework.AssertionFailedError">junit.framework.AssertionFailedError: 
	at com.safenet.restclient.AuthenticatorTest.logoutTest(AuthenticatorTest.java:189)
</failure>
  </testcase>
  <testcase classname="com.safenet.restclient.AuthenticatorTest" name="loginWithoutOTPTest" time="2.059">
    <failure type="junit.framework.AssertionFailedError">junit.framework.AssertionFailedError: 
	at com.safenet.restclient.AuthenticatorTest.loginWithoutOTPTest(AuthenticatorTest.java:125)
</failure>
  </testcase>
  <testcase classname="com.safenet.restclient.AuthenticatorTest" name="loginWithOTPTest" time="2.028">
    <failure type="junit.framework.AssertionFailedError">junit.framework.AssertionFailedError: 
	at com.safenet.restclient.AuthenticatorTest.loginWithOTPTest(AuthenticatorTest.java:146)
</failure>
  </testcase>
  <testcase classname="com.safenet.restclient.EventManagementTest" name="createEvent" time="2.044">
    <failure type="junit.framework.AssertionFailedError">junit.framework.AssertionFailedError: 
	at com.safenet.restclient.EventManagementTest.createEvent(EventManagementTest.java:63)
</failure>
  </testcase>
  <testcase classname="com.safenet.restclient.LogEntryTest" name="listLogEntry" time="2.059">
    <failure type="junit.framework.AssertionFailedError">junit.framework.AssertionFailedError: 
	at com.safenet.restclient.LogEntryTest.listLogEntry(LogEntryTest.java:169)
</failure>
  </testcase>
  <testcase classname="com.safenet.restclient.LogEntryTest" name="createNewLogEntry" time="2.059">
    <failure type="junit.framework.AssertionFailedError">junit.framework.AssertionFailedError: 
	at com.safenet.restclient.LogEntryTest.createNewLogEntry(LogEntryTest.java:64)
</failure>
  </testcase>
  <testcase classname="com.safenet.restclient.PublicationSubscriptionTest" name="createMultiplePublication" time="2.044">
    <failure type="junit.framework.AssertionFailedError">junit.framework.AssertionFailedError: 
	at com.safenet.restclient.PublicationSubscriptionTest.createMultiplePublication(PublicationSubscriptionTest.java:171)
</failure>
  </testcase>
  <testcase classname="com.safenet.restclient.PublicationSubscriptionTest" name="createMultipleSubscription" time="60.013" />
  <testcase classname="com.safenet.restclient.PublicationSubscriptionTest" name="createTopic" time="2.059">
    <failure type="junit.framework.AssertionFailedError">junit.framework.AssertionFailedError: 
	at com.safenet.restclient.PublicationSubscriptionTest.createTopic(PublicationSubscriptionTest.java:67)
</failure>
  </testcase>
  <testcase classname="com.safenet.restclient.PublicationSubscriptionTest" name="updateTopic" time="2.059">
    <failure type="junit.framework.AssertionFailedError">junit.framework.AssertionFailedError: 
	at com.safenet.restclient.PublicationSubscriptionTest.updateTopic(PublicationSubscriptionTest.java:94)
</failure>
  </testcase>
  <testcase classname="com.safenet.restclient.PublicationSubscriptionTest" name="createPublication" time="2.028">
    <failure type="junit.framework.AssertionFailedError">junit.framework.AssertionFailedError: 
	at com.safenet.restclient.PublicationSubscriptionTest.createPublication(PublicationSubscriptionTest.java:130)
</failure>
  </testcase>
  <testcase classname="com.safenet.restclient.PublicationSubscriptionTest" name="createSubscription" time="2.059">
    <failure type="junit.framework.AssertionFailedError">junit.framework.AssertionFailedError: 
	at com.safenet.restclient.PublicationSubscriptionTest.createPublication(PublicationSubscriptionTest.java:130)
	at com.safenet.restclient.PublicationSubscriptionTest.createSubscription(PublicationSubscriptionTest.java:235)
</failure>
  </testcase>
  <testcase classname="com.safenet.restclient.PublicationSubscriptionTest" name="deleteSubscription" time="2.044">
    <failure type="junit.framework.AssertionFailedError">junit.framework.AssertionFailedError: 
	at com.safenet.restclient.PublicationSubscriptionTest.deleteSubscription(PublicationSubscriptionTest.java:287)
</failure>
  </testcase>
  <testcase classname="com.safenet.restclient.RoleTest" name="createRole" time="2.059">
    <failure type="junit.framework.AssertionFailedError">junit.framework.AssertionFailedError: 
	at com.safenet.restclient.RoleTest.createRole(RoleTest.java:85)
</failure>
  </testcase>
  <testcase classname="com.safenet.restclient.RoleTest" name="assignRole" time="2.028">
    <failure type="junit.framework.AssertionFailedError">junit.framework.AssertionFailedError: 
	at com.safenet.restclient.RoleTest.assignRole(RoleTest.java:120)
</failure>
  </testcase>
  <testcase classname="com.safenet.restclient.RoleTest" name="readRole" time="2.044">
    <failure type="junit.framework.AssertionFailedError">junit.framework.AssertionFailedError: 
	at com.safenet.restclient.RoleTest.readRole(RoleTest.java:156)
</failure>
  </testcase>
  <testcase classname="com.safenet.restclient.RoleTest" name="deleteRole" time="2.059">
    <failure type="junit.framework.AssertionFailedError">junit.framework.AssertionFailedError: 
	at com.safenet.restclient.RoleTest.deleteRole(RoleTest.java:189)
</failure>
  </testcase>
  <testcase classname="com.safenet.restclient.TenantTest" name="createTenant" time="2.059">
    <failure type="junit.framework.AssertionFailedError">junit.framework.AssertionFailedError: 
	at com.safenet.restclient.TenantTest.createTenant(TenantTest.java:92)
</failure>
  </testcase>
  <testcase classname="com.safenet.restclient.TenantTest" name="requestCreateTenant" time="2.06">
    <failure type="junit.framework.AssertionFailedError">junit.framework.AssertionFailedError: 
	at com.safenet.restclient.TenantTest.requestCreateTenant(TenantTest.java:63)
</failure>
  </testcase>
  <system-out><![CDATA[]]></system-out>
  <system-err><![CDATA[Starting the Apache HTTP client
An error occurred during the communication with the remote HTTP server.

org.apache.http.conn.HttpHostConnectException: Connection to https://localhost:8443 refused
	at org.apache.http.impl.conn.DefaultClientConnectionOperator.openConnection(DefaultClientConnectionOperator.java:158)
	at org.apache.http.impl.conn.AbstractPoolEntry.open(AbstractPoolEntry.java:149)
	at org.apache.http.impl.conn.AbstractPooledConnAdapter.open(AbstractPooledConnAdapter.java:121)
	at org.apache.http.impl.client.DefaultRequestDirector.tryConnect(DefaultRequestDirector.java:561)
	at org.apache.http.impl.client.DefaultRequestDirector.execute(DefaultRequestDirector.java:415)
	at org.apache.http.impl.client.AbstractHttpClient.execute(AbstractHttpClient.java:820)
	at org.apache.http.impl.client.AbstractHttpClient.execute(AbstractHttpClient.java:754)
	at org.apache.http.impl.client.AbstractHttpClient.execute(AbstractHttpClient.java:732)
	at org.restlet.ext.httpclient.internal.HttpMethodCall.sendRequest(HttpMethodCall.java:336)
	at org.restlet.engine.adapter.ClientAdapter.commit(ClientAdapter.java:114)
	at org.restlet.engine.adapter.HttpClientHelper.handle(HttpClientHelper.java:112)
	at org.restlet.Client.handle(Client.java:180)
	at org.restlet.resource.ClientResource.handle(ClientResource.java:1150)
	at org.restlet.resource.ClientResource.handleOutbound(ClientResource.java:1239)
	at org.restlet.resource.ClientResource.handle(ClientResource.java:1082)
	at org.restlet.resource.ClientResource.handle(ClientResource.java:1058)
	at org.restlet.resource.ClientResource.post(ClientResource.java:1467)
	at org.restlet.resource.ClientResource.post(ClientResource.java:1413)
	at com.safenet.restclient.AuthenticatorTest.sendLoginRequest(AuthenticatorTest.java:248)
	at com.safenet.restclient.AuthenticatorTest.loginWithoutOTP(AuthenticatorTest.java:198)
	at com.safenet.restclient.AuthenticatorTest.logoutTest(AuthenticatorTest.java:159)
	at sun.reflect.NativeMethodAccessorImpl.invoke0(Native Method)
	at sun.reflect.NativeMethodAccessorImpl.invoke(NativeMethodAccessorImpl.java:57)
	at sun.reflect.DelegatingMethodAccessorImpl.invoke(DelegatingMethodAccessorImpl.java:43)
	at java.lang.reflect.Method.invoke(Method.java:601)
	at org.junit.runners.model.FrameworkMethod$1.runReflectiveCall(FrameworkMethod.java:44)
	at org.junit.internal.runners.model.ReflectiveCallable.run(ReflectiveCallable.java:15)
	at org.junit.runners.model.FrameworkMethod.invokeExplosively(FrameworkMethod.java:41)
	at org.junit.internal.runners.statements.InvokeMethod.evaluate(InvokeMethod.java:20)
	at org.junit.internal.runners.statements.RunBefores.evaluate(RunBefores.java:28)
	at org.junit.internal.runners.statements.RunAfters.evaluate(RunAfters.java:31)
	at org.junit.runners.BlockJUnit4ClassRunner.runNotIgnored(BlockJUnit4ClassRunner.java:79)
	at org.junit.runners.BlockJUnit4ClassRunner.runChild(BlockJUnit4ClassRunner.java:71)
	at org.junit.runners.BlockJUnit4ClassRunner.runChild(BlockJUnit4ClassRunner.java:49)
	at org.junit.runners.ParentRunner$3.run(ParentRunner.java:193)
	at org.junit.runners.ParentRunner$1.schedule(ParentRunner.java:52)
	at org.junit.runners.ParentRunner.runChildren(ParentRunner.java:191)
	at org.junit.runners.ParentRunner.access$000(ParentRunner.java:42)
	at org.junit.runners.ParentRunner$2.evaluate(ParentRunner.java:184)
	at org.junit.runners.ParentRunner.run(ParentRunner.java:236)
	at org.junit.runners.Suite.runChild(Suite.java:128)
	at org.junit.runners.Suite.runChild(Suite.java:24)
	at org.junit.runners.ParentRunner$3.run(ParentRunner.java:193)
	at org.junit.runners.ParentRunner$1.schedule(ParentRunner.java:52)
	at org.junit.runners.ParentRunner.runChildren(ParentRunner.java:191)
	at org.junit.runners.ParentRunner.access$000(ParentRunner.java:42)
	at org.junit.runners.ParentRunner$2.evaluate(ParentRunner.java:184)
	at org.junit.runners.ParentRunner.run(ParentRunner.java:236)
	at junit.framework.JUnit4TestAdapter.run(JUnit4TestAdapter.java:39)
	at org.apache.tools.ant.taskdefs.optional.junit.JUnitTestRunner.run(JUnitTestRunner.java:520)
	at org.apache.tools.ant.taskdefs.optional.junit.JUnitTestRunner.launch(JUnitTestRunner.java:1060)
	at org.apache.tools.ant.taskdefs.optional.junit.JUnitTestRunner.main(JUnitTestRunner.java:911)
Caused by: java.net.ConnectException: Connection refused: connect
	at java.net.DualStackPlainSocketImpl.connect0(Native Method)
	at java.net.DualStackPlainSocketImpl.socketConnect(DualStackPlainSocketImpl.java:69)
	at java.net.AbstractPlainSocketImpl.doConnect(AbstractPlainSocketImpl.java:339)
	at java.net.AbstractPlainSocketImpl.connectToAddress(AbstractPlainSocketImpl.java:200)
	at java.net.AbstractPlainSocketImpl.connect(AbstractPlainSocketImpl.java:182)
	at java.net.PlainSocketImpl.connect(PlainSocketImpl.java:157)
	at java.net.SocksSocketImpl.connect(SocksSocketImpl.java:391)
	at java.net.Socket.connect(Socket.java:579)
	at sun.security.ssl.SSLSocketImpl.connect(SSLSocketImpl.java:612)
	at org.apache.http.conn.ssl.SSLSocketFactory.connectSocket(SSLSocketFactory.java:375)
	at org.apache.http.conn.ssl.SSLSocketFactory.connectSocket(SSLSocketFactory.java:488)
	at org.apache.http.conn.scheme.SchemeSocketFactoryAdaptor.connectSocket(SchemeSocketFactoryAdaptor.java:62)
	at org.apache.http.impl.conn.DefaultClientConnectionOperator.openConnection(DefaultClientConnectionOperator.java:148)
	... 51 more
Starting the Apache HTTP client
An error occurred during the communication with the remote HTTP server.

org.apache.http.conn.HttpHostConnectException: Connection to https://localhost:8443 refused
	at org.apache.http.impl.conn.DefaultClientConnectionOperator.openConnection(DefaultClientConnectionOperator.java:158)
	at org.apache.http.impl.conn.AbstractPoolEntry.open(AbstractPoolEntry.java:149)
	at org.apache.http.impl.conn.AbstractPooledConnAdapter.open(AbstractPooledConnAdapter.java:121)
	at org.apache.http.impl.client.DefaultRequestDirector.tryConnect(DefaultRequestDirector.java:561)
	at org.apache.http.impl.client.DefaultRequestDirector.execute(DefaultRequestDirector.java:415)
	at org.apache.http.impl.client.AbstractHttpClient.execute(AbstractHttpClient.java:820)
	at org.apache.http.impl.client.AbstractHttpClient.execute(AbstractHttpClient.java:754)
	at org.apache.http.impl.client.AbstractHttpClient.execute(AbstractHttpClient.java:732)
	at org.restlet.ext.httpclient.internal.HttpMethodCall.sendRequest(HttpMethodCall.java:336)
	at org.restlet.engine.adapter.ClientAdapter.commit(ClientAdapter.java:114)
	at org.restlet.engine.adapter.HttpClientHelper.handle(HttpClientHelper.java:112)
	at org.restlet.Client.handle(Client.java:180)
	at org.restlet.resource.ClientResource.handle(ClientResource.java:1150)
	at org.restlet.resource.ClientResource.handleOutbound(ClientResource.java:1239)
	at org.restlet.resource.ClientResource.handle(ClientResource.java:1082)
	at org.restlet.resource.ClientResource.handle(ClientResource.java:1058)
	at org.restlet.resource.ClientResource.post(ClientResource.java:1467)
	at org.restlet.resource.ClientResource.post(ClientResource.java:1413)
	at com.safenet.restclient.AuthenticatorTest.sendLoginRequest(AuthenticatorTest.java:248)
	at com.safenet.restclient.AuthenticatorTest.loginWithoutOTP(AuthenticatorTest.java:198)
	at com.safenet.restclient.AuthenticatorTest.loginWithoutOTPTest(AuthenticatorTest.java:116)
	at sun.reflect.NativeMethodAccessorImpl.invoke0(Native Method)
	at sun.reflect.NativeMethodAccessorImpl.invoke(NativeMethodAccessorImpl.java:57)
	at sun.reflect.DelegatingMethodAccessorImpl.invoke(DelegatingMethodAccessorImpl.java:43)
	at java.lang.reflect.Method.invoke(Method.java:601)
	at org.junit.runners.model.FrameworkMethod$1.runReflectiveCall(FrameworkMethod.java:44)
	at org.junit.internal.runners.model.ReflectiveCallable.run(ReflectiveCallable.java:15)
	at org.junit.runners.model.FrameworkMethod.invokeExplosively(FrameworkMethod.java:41)
	at org.junit.internal.runners.statements.InvokeMethod.evaluate(InvokeMethod.java:20)
	at org.junit.internal.runners.statements.RunBefores.evaluate(RunBefores.java:28)
	at org.junit.internal.runners.statements.RunAfters.evaluate(RunAfters.java:31)
	at org.junit.runners.BlockJUnit4ClassRunner.runNotIgnored(BlockJUnit4ClassRunner.java:79)
	at org.junit.runners.BlockJUnit4ClassRunner.runChild(BlockJUnit4ClassRunner.java:71)
	at org.junit.runners.BlockJUnit4ClassRunner.runChild(BlockJUnit4ClassRunner.java:49)
	at org.junit.runners.ParentRunner$3.run(ParentRunner.java:193)
	at org.junit.runners.ParentRunner$1.schedule(ParentRunner.java:52)
	at org.junit.runners.ParentRunner.runChildren(ParentRunner.java:191)
	at org.junit.runners.ParentRunner.access$000(ParentRunner.java:42)
	at org.junit.runners.ParentRunner$2.evaluate(ParentRunner.java:184)
	at org.junit.runners.ParentRunner.run(ParentRunner.java:236)
	at org.junit.runners.Suite.runChild(Suite.java:128)
	at org.junit.runners.Suite.runChild(Suite.java:24)
	at org.junit.runners.ParentRunner$3.run(ParentRunner.java:193)
	at org.junit.runners.ParentRunner$1.schedule(ParentRunner.java:52)
	at org.junit.runners.ParentRunner.runChildren(ParentRunner.java:191)
	at org.junit.runners.ParentRunner.access$000(ParentRunner.java:42)
	at org.junit.runners.ParentRunner$2.evaluate(ParentRunner.java:184)
	at org.junit.runners.ParentRunner.run(ParentRunner.java:236)
	at junit.framework.JUnit4TestAdapter.run(JUnit4TestAdapter.java:39)
	at org.apache.tools.ant.taskdefs.optional.junit.JUnitTestRunner.run(JUnitTestRunner.java:520)
	at org.apache.tools.ant.taskdefs.optional.junit.JUnitTestRunner.launch(JUnitTestRunner.java:1060)
	at org.apache.tools.ant.taskdefs.optional.junit.JUnitTestRunner.main(JUnitTestRunner.java:911)
Caused by: java.net.ConnectException: Connection refused: connect
	at java.net.DualStackPlainSocketImpl.connect0(Native Method)
	at java.net.DualStackPlainSocketImpl.socketConnect(DualStackPlainSocketImpl.java:69)
	at java.net.AbstractPlainSocketImpl.doConnect(AbstractPlainSocketImpl.java:339)
	at java.net.AbstractPlainSocketImpl.connectToAddress(AbstractPlainSocketImpl.java:200)
	at java.net.AbstractPlainSocketImpl.connect(AbstractPlainSocketImpl.java:182)
	at java.net.PlainSocketImpl.connect(PlainSocketImpl.java:157)
	at java.net.SocksSocketImpl.connect(SocksSocketImpl.java:391)
	at java.net.Socket.connect(Socket.java:579)
	at sun.security.ssl.SSLSocketImpl.connect(SSLSocketImpl.java:612)
	at org.apache.http.conn.ssl.SSLSocketFactory.connectSocket(SSLSocketFactory.java:375)
	at org.apache.http.conn.ssl.SSLSocketFactory.connectSocket(SSLSocketFactory.java:488)
	at org.apache.http.conn.scheme.SchemeSocketFactoryAdaptor.connectSocket(SchemeSocketFactoryAdaptor.java:62)
	at org.apache.http.impl.conn.DefaultClientConnectionOperator.openConnection(DefaultClientConnectionOperator.java:148)
	... 51 more
Starting the Apache HTTP client
An error occurred during the communication with the remote HTTP server.

org.apache.http.conn.HttpHostConnectException: Connection to https://localhost:8443 refused
	at org.apache.http.impl.conn.DefaultClientConnectionOperator.openConnection(DefaultClientConnectionOperator.java:158)
	at org.apache.http.impl.conn.AbstractPoolEntry.open(AbstractPoolEntry.java:149)
	at org.apache.http.impl.conn.AbstractPooledConnAdapter.open(AbstractPooledConnAdapter.java:121)
	at org.apache.http.impl.client.DefaultRequestDirector.tryConnect(DefaultRequestDirector.java:561)
	at org.apache.http.impl.client.DefaultRequestDirector.execute(DefaultRequestDirector.java:415)
	at org.apache.http.impl.client.AbstractHttpClient.execute(AbstractHttpClient.java:820)
	at org.apache.http.impl.client.AbstractHttpClient.execute(AbstractHttpClient.java:754)
	at org.apache.http.impl.client.AbstractHttpClient.execute(AbstractHttpClient.java:732)
	at org.restlet.ext.httpclient.internal.HttpMethodCall.sendRequest(HttpMethodCall.java:336)
	at org.restlet.engine.adapter.ClientAdapter.commit(ClientAdapter.java:114)
	at org.restlet.engine.adapter.HttpClientHelper.handle(HttpClientHelper.java:112)
	at org.restlet.Client.handle(Client.java:180)
	at org.restlet.resource.ClientResource.handle(ClientResource.java:1150)
	at org.restlet.resource.ClientResource.handleOutbound(ClientResource.java:1239)
	at org.restlet.resource.ClientResource.handle(ClientResource.java:1082)
	at org.restlet.resource.ClientResource.handle(ClientResource.java:1058)
	at org.restlet.resource.ClientResource.post(ClientResource.java:1467)
	at org.restlet.resource.ClientResource.post(ClientResource.java:1413)
	at com.safenet.restclient.AuthenticatorTest.sendLoginRequest(AuthenticatorTest.java:248)
	at com.safenet.restclient.AuthenticatorTest.loginWithOTP(AuthenticatorTest.java:219)
	at com.safenet.restclient.AuthenticatorTest.loginWithOTPTest(AuthenticatorTest.java:137)
	at sun.reflect.NativeMethodAccessorImpl.invoke0(Native Method)
	at sun.reflect.NativeMethodAccessorImpl.invoke(NativeMethodAccessorImpl.java:57)
	at sun.reflect.DelegatingMethodAccessorImpl.invoke(DelegatingMethodAccessorImpl.java:43)
	at java.lang.reflect.Method.invoke(Method.java:601)
	at org.junit.runners.model.FrameworkMethod$1.runReflectiveCall(FrameworkMethod.java:44)
	at org.junit.internal.runners.model.ReflectiveCallable.run(ReflectiveCallable.java:15)
	at org.junit.runners.model.FrameworkMethod.invokeExplosively(FrameworkMethod.java:41)
	at org.junit.internal.runners.statements.InvokeMethod.evaluate(InvokeMethod.java:20)
	at org.junit.internal.runners.statements.RunBefores.evaluate(RunBefores.java:28)
	at org.junit.internal.runners.statements.RunAfters.evaluate(RunAfters.java:31)
	at org.junit.runners.BlockJUnit4ClassRunner.runNotIgnored(BlockJUnit4ClassRunner.java:79)
	at org.junit.runners.BlockJUnit4ClassRunner.runChild(BlockJUnit4ClassRunner.java:71)
	at org.junit.runners.BlockJUnit4ClassRunner.runChild(BlockJUnit4ClassRunner.java:49)
	at org.junit.runners.ParentRunner$3.run(ParentRunner.java:193)
	at org.junit.runners.ParentRunner$1.schedule(ParentRunner.java:52)
	at org.junit.runners.ParentRunner.runChildren(ParentRunner.java:191)
	at org.junit.runners.ParentRunner.access$000(ParentRunner.java:42)
	at org.junit.runners.ParentRunner$2.evaluate(ParentRunner.java:184)
	at org.junit.runners.ParentRunner.run(ParentRunner.java:236)
	at org.junit.runners.Suite.runChild(Suite.java:128)
	at org.junit.runners.Suite.runChild(Suite.java:24)
	at org.junit.runners.ParentRunner$3.run(ParentRunner.java:193)
	at org.junit.runners.ParentRunner$1.schedule(ParentRunner.java:52)
	at org.junit.runners.ParentRunner.runChildren(ParentRunner.java:191)
	at org.junit.runners.ParentRunner.access$000(ParentRunner.java:42)
	at org.junit.runners.ParentRunner$2.evaluate(ParentRunner.java:184)
	at org.junit.runners.ParentRunner.run(ParentRunner.java:236)
	at junit.framework.JUnit4TestAdapter.run(JUnit4TestAdapter.java:39)
	at org.apache.tools.ant.taskdefs.optional.junit.JUnitTestRunner.run(JUnitTestRunner.java:520)
	at org.apache.tools.ant.taskdefs.optional.junit.JUnitTestRunner.launch(JUnitTestRunner.java:1060)
	at org.apache.tools.ant.taskdefs.optional.junit.JUnitTestRunner.main(JUnitTestRunner.java:911)
Caused by: java.net.ConnectException: Connection refused: connect
	at java.net.DualStackPlainSocketImpl.connect0(Native Method)
	at java.net.DualStackPlainSocketImpl.socketConnect(DualStackPlainSocketImpl.java:69)
	at java.net.AbstractPlainSocketImpl.doConnect(AbstractPlainSocketImpl.java:339)
	at java.net.AbstractPlainSocketImpl.connectToAddress(AbstractPlainSocketImpl.java:200)
	at java.net.AbstractPlainSocketImpl.connect(AbstractPlainSocketImpl.java:182)
	at java.net.PlainSocketImpl.connect(PlainSocketImpl.java:157)
	at java.net.SocksSocketImpl.connect(SocksSocketImpl.java:391)
	at java.net.Socket.connect(Socket.java:579)
	at sun.security.ssl.SSLSocketImpl.connect(SSLSocketImpl.java:612)
	at org.apache.http.conn.ssl.SSLSocketFactory.connectSocket(SSLSocketFactory.java:375)
	at org.apache.http.conn.ssl.SSLSocketFactory.connectSocket(SSLSocketFactory.java:488)
	at org.apache.http.conn.scheme.SchemeSocketFactoryAdaptor.connectSocket(SchemeSocketFactoryAdaptor.java:62)
	at org.apache.http.impl.conn.DefaultClientConnectionOperator.openConnection(DefaultClientConnectionOperator.java:148)
	... 51 more
Starting the Apache HTTP client
An error occurred during the communication with the remote HTTP server.

org.apache.http.conn.HttpHostConnectException: Connection to https://localhost:8443 refused
	at org.apache.http.impl.conn.DefaultClientConnectionOperator.openConnection(DefaultClientConnectionOperator.java:158)
	at org.apache.http.impl.conn.AbstractPoolEntry.open(AbstractPoolEntry.java:149)
	at org.apache.http.impl.conn.AbstractPooledConnAdapter.open(AbstractPooledConnAdapter.java:121)
	at org.apache.http.impl.client.DefaultRequestDirector.tryConnect(DefaultRequestDirector.java:561)
	at org.apache.http.impl.client.DefaultRequestDirector.execute(DefaultRequestDirector.java:415)
	at org.apache.http.impl.client.AbstractHttpClient.execute(AbstractHttpClient.java:820)
	at org.apache.http.impl.client.AbstractHttpClient.execute(AbstractHttpClient.java:754)
	at org.apache.http.impl.client.AbstractHttpClient.execute(AbstractHttpClient.java:732)
	at org.restlet.ext.httpclient.internal.HttpMethodCall.sendRequest(HttpMethodCall.java:336)
	at org.restlet.engine.adapter.ClientAdapter.commit(ClientAdapter.java:114)
	at org.restlet.engine.adapter.HttpClientHelper.handle(HttpClientHelper.java:112)
	at org.restlet.Client.handle(Client.java:180)
	at org.restlet.resource.ClientResource.handle(ClientResource.java:1150)
	at org.restlet.resource.ClientResource.handleOutbound(ClientResource.java:1239)
	at org.restlet.resource.ClientResource.handle(ClientResource.java:1082)
	at org.restlet.resource.ClientResource.handle(ClientResource.java:1058)
	at org.restlet.resource.ClientResource.post(ClientResource.java:1467)
	at org.restlet.resource.ClientResource.post(ClientResource.java:1413)
	at com.safenet.restclient.AuthenticatorTest.sendLoginRequest(AuthenticatorTest.java:248)
	at com.safenet.restclient.AuthenticatorTest.loginWithoutOTP(AuthenticatorTest.java:198)
	at com.safenet.restclient.BaseTest.doLogin(BaseTest.java:89)
	at com.safenet.restclient.BaseTest.generateURIParameters(BaseTest.java:42)
	at com.safenet.restclient.EventManagementTest.createEvent(EventManagementTest.java:48)
	at sun.reflect.NativeMethodAccessorImpl.invoke0(Native Method)
	at sun.reflect.NativeMethodAccessorImpl.invoke(NativeMethodAccessorImpl.java:57)
	at sun.reflect.DelegatingMethodAccessorImpl.invoke(DelegatingMethodAccessorImpl.java:43)
	at java.lang.reflect.Method.invoke(Method.java:601)
	at org.junit.runners.model.FrameworkMethod$1.runReflectiveCall(FrameworkMethod.java:44)
	at org.junit.internal.runners.model.ReflectiveCallable.run(ReflectiveCallable.java:15)
	at org.junit.runners.model.FrameworkMethod.invokeExplosively(FrameworkMethod.java:41)
	at org.junit.internal.runners.statements.InvokeMethod.evaluate(InvokeMethod.java:20)
	at org.junit.internal.runners.statements.RunBefores.evaluate(RunBefores.java:28)
	at org.junit.internal.runners.statements.RunAfters.evaluate(RunAfters.java:31)
	at org.junit.runners.BlockJUnit4ClassRunner.runNotIgnored(BlockJUnit4ClassRunner.java:79)
	at org.junit.runners.BlockJUnit4ClassRunner.runChild(BlockJUnit4ClassRunner.java:71)
	at org.junit.runners.BlockJUnit4ClassRunner.runChild(BlockJUnit4ClassRunner.java:49)
	at org.junit.runners.ParentRunner$3.run(ParentRunner.java:193)
	at org.junit.runners.ParentRunner$1.schedule(ParentRunner.java:52)
	at org.junit.runners.ParentRunner.runChildren(ParentRunner.java:191)
	at org.junit.runners.ParentRunner.access$000(ParentRunner.java:42)
	at org.junit.runners.ParentRunner$2.evaluate(ParentRunner.java:184)
	at org.junit.runners.ParentRunner.run(ParentRunner.java:236)
	at org.junit.runners.Suite.runChild(Suite.java:128)
	at org.junit.runners.Suite.runChild(Suite.java:24)
	at org.junit.runners.ParentRunner$3.run(ParentRunner.java:193)
	at org.junit.runners.ParentRunner$1.schedule(ParentRunner.java:52)
	at org.junit.runners.ParentRunner.runChildren(ParentRunner.java:191)
	at org.junit.runners.ParentRunner.access$000(ParentRunner.java:42)
	at org.junit.runners.ParentRunner$2.evaluate(ParentRunner.java:184)
	at org.junit.runners.ParentRunner.run(ParentRunner.java:236)
	at junit.framework.JUnit4TestAdapter.run(JUnit4TestAdapter.java:39)
	at org.apache.tools.ant.taskdefs.optional.junit.JUnitTestRunner.run(JUnitTestRunner.java:520)
	at org.apache.tools.ant.taskdefs.optional.junit.JUnitTestRunner.launch(JUnitTestRunner.java:1060)
	at org.apache.tools.ant.taskdefs.optional.junit.JUnitTestRunner.main(JUnitTestRunner.java:911)
Caused by: java.net.ConnectException: Connection refused: connect
	at java.net.DualStackPlainSocketImpl.connect0(Native Method)
	at java.net.DualStackPlainSocketImpl.socketConnect(DualStackPlainSocketImpl.java:69)
	at java.net.AbstractPlainSocketImpl.doConnect(AbstractPlainSocketImpl.java:339)
	at java.net.AbstractPlainSocketImpl.connectToAddress(AbstractPlainSocketImpl.java:200)
	at java.net.AbstractPlainSocketImpl.connect(AbstractPlainSocketImpl.java:182)
	at java.net.PlainSocketImpl.connect(PlainSocketImpl.java:157)
	at java.net.SocksSocketImpl.connect(SocksSocketImpl.java:391)
	at java.net.Socket.connect(Socket.java:579)
	at sun.security.ssl.SSLSocketImpl.connect(SSLSocketImpl.java:612)
	at org.apache.http.conn.ssl.SSLSocketFactory.connectSocket(SSLSocketFactory.java:375)
	at org.apache.http.conn.ssl.SSLSocketFactory.connectSocket(SSLSocketFactory.java:488)
	at org.apache.http.conn.scheme.SchemeSocketFactoryAdaptor.connectSocket(SchemeSocketFactoryAdaptor.java:62)
	at org.apache.http.impl.conn.DefaultClientConnectionOperator.openConnection(DefaultClientConnectionOperator.java:148)
	... 53 more
Starting the Apache HTTP client
Stopping the HTTP client
Stopping the HTTP client
An error occurred during the communication with the remote HTTP server.

org.apache.http.conn.HttpHostConnectException: Connection to https://localhost:8443 refused
	at org.apache.http.impl.conn.DefaultClientConnectionOperator.openConnection(DefaultClientConnectionOperator.java:158)
	at org.apache.http.impl.conn.AbstractPoolEntry.open(AbstractPoolEntry.java:149)
	at org.apache.http.impl.conn.AbstractPooledConnAdapter.open(AbstractPooledConnAdapter.java:121)
	at org.apache.http.impl.client.DefaultRequestDirector.tryConnect(DefaultRequestDirector.java:561)
	at org.apache.http.impl.client.DefaultRequestDirector.execute(DefaultRequestDirector.java:415)
	at org.apache.http.impl.client.AbstractHttpClient.execute(AbstractHttpClient.java:820)
	at org.apache.http.impl.client.AbstractHttpClient.execute(AbstractHttpClient.java:754)
	at org.apache.http.impl.client.AbstractHttpClient.execute(AbstractHttpClient.java:732)
	at org.restlet.ext.httpclient.internal.HttpMethodCall.sendRequest(HttpMethodCall.java:336)
	at org.restlet.engine.adapter.ClientAdapter.commit(ClientAdapter.java:114)
	at org.restlet.engine.adapter.HttpClientHelper.handle(HttpClientHelper.java:112)
	at org.restlet.Client.handle(Client.java:180)
	at org.restlet.resource.ClientResource.handle(ClientResource.java:1150)
	at org.restlet.resource.ClientResource.handleOutbound(ClientResource.java:1239)
	at org.restlet.resource.ClientResource.handle(ClientResource.java:1082)
	at org.restlet.resource.ClientResource.handle(ClientResource.java:1058)
	at org.restlet.resource.ClientResource.post(ClientResource.java:1467)
	at org.restlet.resource.ClientResource.post(ClientResource.java:1413)
	at com.safenet.restclient.AuthenticatorTest.sendLoginRequest(AuthenticatorTest.java:248)
	at com.safenet.restclient.AuthenticatorTest.loginWithoutOTP(AuthenticatorTest.java:198)
	at com.safenet.restclient.BaseTest.doLogin(BaseTest.java:89)
	at com.safenet.restclient.BaseTest.generateURIParameters(BaseTest.java:42)
	at com.safenet.restclient.LogEntryTest.listLogEntry(LogEntryTest.java:77)
	at sun.reflect.NativeMethodAccessorImpl.invoke0(Native Method)
	at sun.reflect.NativeMethodAccessorImpl.invoke(NativeMethodAccessorImpl.java:57)
	at sun.reflect.DelegatingMethodAccessorImpl.invoke(DelegatingMethodAccessorImpl.java:43)
	at java.lang.reflect.Method.invoke(Method.java:601)
	at org.junit.runners.model.FrameworkMethod$1.runReflectiveCall(FrameworkMethod.java:44)
	at org.junit.internal.runners.model.ReflectiveCallable.run(ReflectiveCallable.java:15)
	at org.junit.runners.model.FrameworkMethod.invokeExplosively(FrameworkMethod.java:41)
	at org.junit.internal.runners.statements.InvokeMethod.evaluate(InvokeMethod.java:20)
	at org.junit.internal.runners.statements.RunBefores.evaluate(RunBefores.java:28)
	at org.junit.internal.runners.statements.RunAfters.evaluate(RunAfters.java:31)
	at org.junit.runners.BlockJUnit4ClassRunner.runNotIgnored(BlockJUnit4ClassRunner.java:79)
	at org.junit.runners.BlockJUnit4ClassRunner.runChild(BlockJUnit4ClassRunner.java:71)
	at org.junit.runners.BlockJUnit4ClassRunner.runChild(BlockJUnit4ClassRunner.java:49)
	at org.junit.runners.ParentRunner$3.run(ParentRunner.java:193)
	at org.junit.runners.ParentRunner$1.schedule(ParentRunner.java:52)
	at org.junit.runners.ParentRunner.runChildren(ParentRunner.java:191)
	at org.junit.runners.ParentRunner.access$000(ParentRunner.java:42)
	at org.junit.runners.ParentRunner$2.evaluate(ParentRunner.java:184)
	at org.junit.runners.ParentRunner.run(ParentRunner.java:236)
	at org.junit.runners.Suite.runChild(Suite.java:128)
	at org.junit.runners.Suite.runChild(Suite.java:24)
	at org.junit.runners.ParentRunner$3.run(ParentRunner.java:193)
	at org.junit.runners.ParentRunner$1.schedule(ParentRunner.java:52)
	at org.junit.runners.ParentRunner.runChildren(ParentRunner.java:191)
	at org.junit.runners.ParentRunner.access$000(ParentRunner.java:42)
	at org.junit.runners.ParentRunner$2.evaluate(ParentRunner.java:184)
	at org.junit.runners.ParentRunner.run(ParentRunner.java:236)
	at junit.framework.JUnit4TestAdapter.run(JUnit4TestAdapter.java:39)
	at org.apache.tools.ant.taskdefs.optional.junit.JUnitTestRunner.run(JUnitTestRunner.java:520)
	at org.apache.tools.ant.taskdefs.optional.junit.JUnitTestRunner.launch(JUnitTestRunner.java:1060)
	at org.apache.tools.ant.taskdefs.optional.junit.JUnitTestRunner.main(JUnitTestRunner.java:911)
Caused by: java.net.ConnectException: Connection refused: connect
	at java.net.DualStackPlainSocketImpl.connect0(Native Method)
	at java.net.DualStackPlainSocketImpl.socketConnect(DualStackPlainSocketImpl.java:69)
	at java.net.AbstractPlainSocketImpl.doConnect(AbstractPlainSocketImpl.java:339)
	at java.net.AbstractPlainSocketImpl.connectToAddress(AbstractPlainSocketImpl.java:200)
	at java.net.AbstractPlainSocketImpl.connect(AbstractPlainSocketImpl.java:182)
	at java.net.PlainSocketImpl.connect(PlainSocketImpl.java:157)
	at java.net.SocksSocketImpl.connect(SocksSocketImpl.java:391)
	at java.net.Socket.connect(Socket.java:579)
	at sun.security.ssl.SSLSocketImpl.connect(SSLSocketImpl.java:612)
	at org.apache.http.conn.ssl.SSLSocketFactory.connectSocket(SSLSocketFactory.java:375)
	at org.apache.http.conn.ssl.SSLSocketFactory.connectSocket(SSLSocketFactory.java:488)
	at org.apache.http.conn.scheme.SchemeSocketFactoryAdaptor.connectSocket(SchemeSocketFactoryAdaptor.java:62)
	at org.apache.http.impl.conn.DefaultClientConnectionOperator.openConnection(DefaultClientConnectionOperator.java:148)
	... 53 more
Starting the Apache HTTP client
An error occurred during the communication with the remote HTTP server.

org.apache.http.conn.HttpHostConnectException: Connection to https://localhost:8443 refused
	at org.apache.http.impl.conn.DefaultClientConnectionOperator.openConnection(DefaultClientConnectionOperator.java:158)
	at org.apache.http.impl.conn.AbstractPoolEntry.open(AbstractPoolEntry.java:149)
	at org.apache.http.impl.conn.AbstractPooledConnAdapter.open(AbstractPooledConnAdapter.java:121)
	at org.apache.http.impl.client.DefaultRequestDirector.tryConnect(DefaultRequestDirector.java:561)
	at org.apache.http.impl.client.DefaultRequestDirector.execute(DefaultRequestDirector.java:415)
	at org.apache.http.impl.client.AbstractHttpClient.execute(AbstractHttpClient.java:820)
	at org.apache.http.impl.client.AbstractHttpClient.execute(AbstractHttpClient.java:754)
	at org.apache.http.impl.client.AbstractHttpClient.execute(AbstractHttpClient.java:732)
	at org.restlet.ext.httpclient.internal.HttpMethodCall.sendRequest(HttpMethodCall.java:336)
	at org.restlet.engine.adapter.ClientAdapter.commit(ClientAdapter.java:114)
	at org.restlet.engine.adapter.HttpClientHelper.handle(HttpClientHelper.java:112)
	at org.restlet.Client.handle(Client.java:180)
	at org.restlet.resource.ClientResource.handle(ClientResource.java:1150)
	at org.restlet.resource.ClientResource.handleOutbound(ClientResource.java:1239)
	at org.restlet.resource.ClientResource.handle(ClientResource.java:1082)
	at org.restlet.resource.ClientResource.handle(ClientResource.java:1058)
	at org.restlet.resource.ClientResource.post(ClientResource.java:1467)
	at org.restlet.resource.ClientResource.post(ClientResource.java:1413)
	at com.safenet.restclient.AuthenticatorTest.sendLoginRequest(AuthenticatorTest.java:248)
	at com.safenet.restclient.AuthenticatorTest.loginWithoutOTP(AuthenticatorTest.java:198)
	at com.safenet.restclient.BaseTest.doLogin(BaseTest.java:89)
	at com.safenet.restclient.BaseTest.generateURIParameters(BaseTest.java:42)
	at com.safenet.restclient.LogEntryTest.createNewLogEntry(LogEntryTest.java:48)
	at sun.reflect.NativeMethodAccessorImpl.invoke0(Native Method)
	at sun.reflect.NativeMethodAccessorImpl.invoke(NativeMethodAccessorImpl.java:57)
	at sun.reflect.DelegatingMethodAccessorImpl.invoke(DelegatingMethodAccessorImpl.java:43)
	at java.lang.reflect.Method.invoke(Method.java:601)
	at org.junit.runners.model.FrameworkMethod$1.runReflectiveCall(FrameworkMethod.java:44)
	at org.junit.internal.runners.model.ReflectiveCallable.run(ReflectiveCallable.java:15)
	at org.junit.runners.model.FrameworkMethod.invokeExplosively(FrameworkMethod.java:41)
	at org.junit.internal.runners.statements.InvokeMethod.evaluate(InvokeMethod.java:20)
	at org.junit.internal.runners.statements.RunBefores.evaluate(RunBefores.java:28)
	at org.junit.internal.runners.statements.RunAfters.evaluate(RunAfters.java:31)
	at org.junit.runners.BlockJUnit4ClassRunner.runNotIgnored(BlockJUnit4ClassRunner.java:79)
	at org.junit.runners.BlockJUnit4ClassRunner.runChild(BlockJUnit4ClassRunner.java:71)
	at org.junit.runners.BlockJUnit4ClassRunner.runChild(BlockJUnit4ClassRunner.java:49)
	at org.junit.runners.ParentRunner$3.run(ParentRunner.java:193)
	at org.junit.runners.ParentRunner$1.schedule(ParentRunner.java:52)
	at org.junit.runners.ParentRunner.runChildren(ParentRunner.java:191)
	at org.junit.runners.ParentRunner.access$000(ParentRunner.java:42)
	at org.junit.runners.ParentRunner$2.evaluate(ParentRunner.java:184)
	at org.junit.runners.ParentRunner.run(ParentRunner.java:236)
	at org.junit.runners.Suite.runChild(Suite.java:128)
	at org.junit.runners.Suite.runChild(Suite.java:24)
	at org.junit.runners.ParentRunner$3.run(ParentRunner.java:193)
	at org.junit.runners.ParentRunner$1.schedule(ParentRunner.java:52)
	at org.junit.runners.ParentRunner.runChildren(ParentRunner.java:191)
	at org.junit.runners.ParentRunner.access$000(ParentRunner.java:42)
	at org.junit.runners.ParentRunner$2.evaluate(ParentRunner.java:184)
	at org.junit.runners.ParentRunner.run(ParentRunner.java:236)
	at junit.framework.JUnit4TestAdapter.run(JUnit4TestAdapter.java:39)
	at org.apache.tools.ant.taskdefs.optional.junit.JUnitTestRunner.run(JUnitTestRunner.java:520)
	at org.apache.tools.ant.taskdefs.optional.junit.JUnitTestRunner.launch(JUnitTestRunner.java:1060)
	at org.apache.tools.ant.taskdefs.optional.junit.JUnitTestRunner.main(JUnitTestRunner.java:911)
Caused by: java.net.ConnectException: Connection refused: connect
	at java.net.DualStackPlainSocketImpl.connect0(Native Method)
	at java.net.DualStackPlainSocketImpl.socketConnect(DualStackPlainSocketImpl.java:69)
	at java.net.AbstractPlainSocketImpl.doConnect(AbstractPlainSocketImpl.java:339)
	at java.net.AbstractPlainSocketImpl.connectToAddress(AbstractPlainSocketImpl.java:200)
	at java.net.AbstractPlainSocketImpl.connect(AbstractPlainSocketImpl.java:182)
	at java.net.PlainSocketImpl.connect(PlainSocketImpl.java:157)
	at java.net.SocksSocketImpl.connect(SocksSocketImpl.java:391)
	at java.net.Socket.connect(Socket.java:579)
	at sun.security.ssl.SSLSocketImpl.connect(SSLSocketImpl.java:612)
	at org.apache.http.conn.ssl.SSLSocketFactory.connectSocket(SSLSocketFactory.java:375)
	at org.apache.http.conn.ssl.SSLSocketFactory.connectSocket(SSLSocketFactory.java:488)
	at org.apache.http.conn.scheme.SchemeSocketFactoryAdaptor.connectSocket(SchemeSocketFactoryAdaptor.java:62)
	at org.apache.http.impl.conn.DefaultClientConnectionOperator.openConnection(DefaultClientConnectionOperator.java:148)
	... 53 more
Stopping the HTTP client
Starting the Apache HTTP client
An error occurred during the communication with the remote HTTP server.

org.apache.http.conn.HttpHostConnectException: Connection to https://localhost:8443 refused
	at org.apache.http.impl.conn.DefaultClientConnectionOperator.openConnection(DefaultClientConnectionOperator.java:158)
	at org.apache.http.impl.conn.AbstractPoolEntry.open(AbstractPoolEntry.java:149)
	at org.apache.http.impl.conn.AbstractPooledConnAdapter.open(AbstractPooledConnAdapter.java:121)
	at org.apache.http.impl.client.DefaultRequestDirector.tryConnect(DefaultRequestDirector.java:561)
	at org.apache.http.impl.client.DefaultRequestDirector.execute(DefaultRequestDirector.java:415)
	at org.apache.http.impl.client.AbstractHttpClient.execute(AbstractHttpClient.java:820)
	at org.apache.http.impl.client.AbstractHttpClient.execute(AbstractHttpClient.java:754)
	at org.apache.http.impl.client.AbstractHttpClient.execute(AbstractHttpClient.java:732)
	at org.restlet.ext.httpclient.internal.HttpMethodCall.sendRequest(HttpMethodCall.java:336)
	at org.restlet.engine.adapter.ClientAdapter.commit(ClientAdapter.java:114)
	at org.restlet.engine.adapter.HttpClientHelper.handle(HttpClientHelper.java:112)
	at org.restlet.Client.handle(Client.java:180)
	at org.restlet.resource.ClientResource.handle(ClientResource.java:1150)
	at org.restlet.resource.ClientResource.handleOutbound(ClientResource.java:1239)
	at org.restlet.resource.ClientResource.handle(ClientResource.java:1082)
	at org.restlet.resource.ClientResource.handle(ClientResource.java:1058)
	at org.restlet.resource.ClientResource.post(ClientResource.java:1467)
	at org.restlet.resource.ClientResource.post(ClientResource.java:1413)
	at com.safenet.restclient.AuthenticatorTest.sendLoginRequest(AuthenticatorTest.java:248)
	at com.safenet.restclient.AuthenticatorTest.loginWithoutOTP(AuthenticatorTest.java:198)
	at com.safenet.restclient.BaseTest.doLogin(BaseTest.java:89)
	at com.safenet.restclient.BaseTest.generateURIParameters(BaseTest.java:42)
	at com.safenet.restclient.PublicationSubscriptionTest.createMultiplePublication(PublicationSubscriptionTest.java:142)
	at sun.reflect.NativeMethodAccessorImpl.invoke0(Native Method)
	at sun.reflect.NativeMethodAccessorImpl.invoke(NativeMethodAccessorImpl.java:57)
	at sun.reflect.DelegatingMethodAccessorImpl.invoke(DelegatingMethodAccessorImpl.java:43)
	at java.lang.reflect.Method.invoke(Method.java:601)
	at org.junit.runners.model.FrameworkMethod$1.runReflectiveCall(FrameworkMethod.java:44)
	at org.junit.internal.runners.model.ReflectiveCallable.run(ReflectiveCallable.java:15)
	at org.junit.runners.model.FrameworkMethod.invokeExplosively(FrameworkMethod.java:41)
	at org.junit.internal.runners.statements.InvokeMethod.evaluate(InvokeMethod.java:20)
	at org.junit.internal.runners.statements.RunBefores.evaluate(RunBefores.java:28)
	at org.junit.internal.runners.statements.RunAfters.evaluate(RunAfters.java:31)
	at org.junit.runners.BlockJUnit4ClassRunner.runNotIgnored(BlockJUnit4ClassRunner.java:79)
	at org.junit.runners.BlockJUnit4ClassRunner.runChild(BlockJUnit4ClassRunner.java:71)
	at org.junit.runners.BlockJUnit4ClassRunner.runChild(BlockJUnit4ClassRunner.java:49)
	at org.junit.runners.ParentRunner$3.run(ParentRunner.java:193)
	at org.junit.runners.ParentRunner$1.schedule(ParentRunner.java:52)
	at org.junit.runners.ParentRunner.runChildren(ParentRunner.java:191)
	at org.junit.runners.ParentRunner.access$000(ParentRunner.java:42)
	at org.junit.runners.ParentRunner$2.evaluate(ParentRunner.java:184)
	at org.junit.runners.ParentRunner.run(ParentRunner.java:236)
	at org.junit.runners.Suite.runChild(Suite.java:128)
	at org.junit.runners.Suite.runChild(Suite.java:24)
	at org.junit.runners.ParentRunner$3.run(ParentRunner.java:193)
	at org.junit.runners.ParentRunner$1.schedule(ParentRunner.java:52)
	at org.junit.runners.ParentRunner.runChildren(ParentRunner.java:191)
	at org.junit.runners.ParentRunner.access$000(ParentRunner.java:42)
	at org.junit.runners.ParentRunner$2.evaluate(ParentRunner.java:184)
	at org.junit.runners.ParentRunner.run(ParentRunner.java:236)
	at junit.framework.JUnit4TestAdapter.run(JUnit4TestAdapter.java:39)
	at org.apache.tools.ant.taskdefs.optional.junit.JUnitTestRunner.run(JUnitTestRunner.java:520)
	at org.apache.tools.ant.taskdefs.optional.junit.JUnitTestRunner.launch(JUnitTestRunner.java:1060)
	at org.apache.tools.ant.taskdefs.optional.junit.JUnitTestRunner.main(JUnitTestRunner.java:911)
Caused by: java.net.ConnectException: Connection refused: connect
	at java.net.DualStackPlainSocketImpl.connect0(Native Method)
	at java.net.DualStackPlainSocketImpl.socketConnect(DualStackPlainSocketImpl.java:69)
	at java.net.AbstractPlainSocketImpl.doConnect(AbstractPlainSocketImpl.java:339)
	at java.net.AbstractPlainSocketImpl.connectToAddress(AbstractPlainSocketImpl.java:200)
	at java.net.AbstractPlainSocketImpl.connect(AbstractPlainSocketImpl.java:182)
	at java.net.PlainSocketImpl.connect(PlainSocketImpl.java:157)
	at java.net.SocksSocketImpl.connect(SocksSocketImpl.java:391)
	at java.net.Socket.connect(Socket.java:579)
	at sun.security.ssl.SSLSocketImpl.connect(SSLSocketImpl.java:612)
	at org.apache.http.conn.ssl.SSLSocketFactory.connectSocket(SSLSocketFactory.java:375)
	at org.apache.http.conn.ssl.SSLSocketFactory.connectSocket(SSLSocketFactory.java:488)
	at org.apache.http.conn.scheme.SchemeSocketFactoryAdaptor.connectSocket(SchemeSocketFactoryAdaptor.java:62)
	at org.apache.http.impl.conn.DefaultClientConnectionOperator.openConnection(DefaultClientConnectionOperator.java:148)
	... 53 more
Starting the Apache HTTP client
Starting the Apache HTTP client
Starting the Apache HTTP client
Starting the Apache HTTP client
Starting the Apache HTTP client
Starting the Apache HTTP client
Starting the Apache HTTP client
Starting the Apache HTTP client
Stopping the HTTP client
Starting the Apache HTTP client
Starting the Apache HTTP client
Stopping the HTTP client
An error occurred during the communication with the remote HTTP server.

org.apache.http.conn.HttpHostConnectException: Connection to https://localhost:8443 refused
	at org.apache.http.impl.conn.DefaultClientConnectionOperator.openConnection(DefaultClientConnectionOperator.java:158)
	at org.apache.http.impl.conn.AbstractPoolEntry.open(AbstractPoolEntry.java:149)
	at org.apache.http.impl.conn.AbstractPooledConnAdapter.open(AbstractPooledConnAdapter.java:121)
	at org.apache.http.impl.client.DefaultRequestDirector.tryConnect(DefaultRequestDirector.java:561)
	at org.apache.http.impl.client.DefaultRequestDirector.execute(DefaultRequestDirector.java:415)
	at org.apache.http.impl.client.AbstractHttpClient.execute(AbstractHttpClient.java:820)
	at org.apache.http.impl.client.AbstractHttpClient.execute(AbstractHttpClient.java:754)
	at org.apache.http.impl.client.AbstractHttpClient.execute(AbstractHttpClient.java:732)
	at org.restlet.ext.httpclient.internal.HttpMethodCall.sendRequest(HttpMethodCall.java:336)
	at org.restlet.engine.adapter.ClientAdapter.commit(ClientAdapter.java:114)
	at org.restlet.engine.adapter.HttpClientHelper.handle(HttpClientHelper.java:112)
	at org.restlet.Client.handle(Client.java:180)
	at org.restlet.resource.ClientResource.handle(ClientResource.java:1150)
	at org.restlet.resource.ClientResource.handleOutbound(ClientResource.java:1239)
	at org.restlet.resource.ClientResource.handle(ClientResource.java:1082)
	at org.restlet.resource.ClientResource.handle(ClientResource.java:1058)
	at org.restlet.resource.ClientResource.post(ClientResource.java:1467)
	at org.restlet.resource.ClientResource.post(ClientResource.java:1413)
	at com.safenet.restclient.AuthenticatorTest.sendLoginRequest(AuthenticatorTest.java:248)
	at com.safenet.restclient.AuthenticatorTest.loginWithoutOTP(AuthenticatorTest.java:198)
	at com.safenet.restclient.BaseTest.doLogin(BaseTest.java:89)
	at com.safenet.restclient.BaseTest.generateURIParameters(BaseTest.java:42)
	at com.safenet.restclient.PublicationSubscriptionTest.run(PublicationSubscriptionTest.java:203)
	at java.lang.Thread.run(Thread.java:722)
Caused by: java.net.ConnectException: Connection refused: connect
	at java.net.DualStackPlainSocketImpl.connect0(Native Method)
	at java.net.DualStackPlainSocketImpl.socketConnect(DualStackPlainSocketImpl.java:69)
	at java.net.AbstractPlainSocketImpl.doConnect(AbstractPlainSocketImpl.java:339)
	at java.net.AbstractPlainSocketImpl.connectToAddress(AbstractPlainSocketImpl.java:200)
	at java.net.AbstractPlainSocketImpl.connect(AbstractPlainSocketImpl.java:182)
	at java.net.PlainSocketImpl.connect(PlainSocketImpl.java:157)
	at java.net.SocksSocketImpl.connect(SocksSocketImpl.java:391)
	at java.net.Socket.connect(Socket.java:579)
	at sun.security.ssl.SSLSocketImpl.connect(SSLSocketImpl.java:612)
	at org.apache.http.conn.ssl.SSLSocketFactory.connectSocket(SSLSocketFactory.java:375)
	at org.apache.http.conn.ssl.SSLSocketFactory.connectSocket(SSLSocketFactory.java:488)
	at org.apache.http.conn.scheme.SchemeSocketFactoryAdaptor.connectSocket(SchemeSocketFactoryAdaptor.java:62)
	at org.apache.http.impl.conn.DefaultClientConnectionOperator.openConnection(DefaultClientConnectionOperator.java:148)
	... 23 more
Exception in thread "Thread-1" java.lang.AssertionError: 
	at org.junit.Assert.fail(Assert.java:91)
	at org.junit.Assert.fail(Assert.java:98)
	at com.safenet.restclient.PublicationSubscriptionTest.run(PublicationSubscriptionTest.java:225)
	at java.lang.Thread.run(Thread.java:722)
An error occurred during the communication with the remote HTTP server.

org.apache.http.conn.HttpHostConnectException: Connection to https://localhost:8443 refused
	at org.apache.http.impl.conn.DefaultClientConnectionOperator.openConnection(DefaultClientConnectionOperator.java:158)
	at org.apache.http.impl.conn.AbstractPoolEntry.open(AbstractPoolEntry.java:149)
	at org.apache.http.impl.conn.AbstractPooledConnAdapter.open(AbstractPooledConnAdapter.java:121)
	at org.apache.http.impl.client.DefaultRequestDirector.tryConnect(DefaultRequestDirector.java:561)
	at org.apache.http.impl.client.DefaultRequestDirector.execute(DefaultRequestDirector.java:415)
	at org.apache.http.impl.client.AbstractHttpClient.execute(AbstractHttpClient.java:820)
	at org.apache.http.impl.client.AbstractHttpClient.execute(AbstractHttpClient.java:754)
	at org.apache.http.impl.client.AbstractHttpClient.execute(AbstractHttpClient.java:732)
	at org.restlet.ext.httpclient.internal.HttpMethodCall.sendRequest(HttpMethodCall.java:336)
	at org.restlet.engine.adapter.ClientAdapter.commit(ClientAdapter.java:114)
	at org.restlet.engine.adapter.HttpClientHelper.handle(HttpClientHelper.java:112)
	at org.restlet.Client.handle(Client.java:180)
	at org.restlet.resource.ClientResource.handle(ClientResource.java:1150)
	at org.restlet.resource.ClientResource.handleOutbound(ClientResource.java:1239)
	at org.restlet.resource.ClientResource.handle(ClientResource.java:1082)
	at org.restlet.resource.ClientResource.handle(ClientResource.java:1058)
	at org.restlet.resource.ClientResource.post(ClientResource.java:1467)
	at org.restlet.resource.ClientResource.post(ClientResource.java:1413)
	at com.safenet.restclient.AuthenticatorTest.sendLoginRequest(AuthenticatorTest.java:248)
	at com.safenet.restclient.AuthenticatorTest.loginWithoutOTP(AuthenticatorTest.java:198)
	at com.safenet.restclient.BaseTest.doLogin(BaseTest.java:89)
	at com.safenet.restclient.BaseTest.generateURIParameters(BaseTest.java:42)
	at com.safenet.restclient.PublicationSubscriptionTest.run(PublicationSubscriptionTest.java:203)
	at java.lang.Thread.run(Thread.java:722)
Caused by: java.net.ConnectException: Connection refused: connect
	at java.net.DualStackPlainSocketImpl.connect0(Native Method)
	at java.net.DualStackPlainSocketImpl.socketConnect(DualStackPlainSocketImpl.java:69)
	at java.net.AbstractPlainSocketImpl.doConnect(AbstractPlainSocketImpl.java:339)
	at java.net.AbstractPlainSocketImpl.connectToAddress(AbstractPlainSocketImpl.java:200)
	at java.net.AbstractPlainSocketImpl.connect(AbstractPlainSocketImpl.java:182)
	at java.net.PlainSocketImpl.connect(PlainSocketImpl.java:157)
	at java.net.SocksSocketImpl.connect(SocksSocketImpl.java:391)
	at java.net.Socket.connect(Socket.java:579)
	at sun.security.ssl.SSLSocketImpl.connect(SSLSocketImpl.java:612)
	at org.apache.http.conn.ssl.SSLSocketFactory.connectSocket(SSLSocketFactory.java:375)
	at org.apache.http.conn.ssl.SSLSocketFactory.connectSocket(SSLSocketFactory.java:488)
	at org.apache.http.conn.scheme.SchemeSocketFactoryAdaptor.connectSocket(SchemeSocketFactoryAdaptor.java:62)
	at org.apache.http.impl.conn.DefaultClientConnectionOperator.openConnection(DefaultClientConnectionOperator.java:148)
	... 23 more
An error occurred during the communication with the remote HTTP server.

org.apache.http.conn.HttpHostConnectException: Connection to https://localhost:8443 refused
	at org.apache.http.impl.conn.DefaultClientConnectionOperator.openConnection(DefaultClientConnectionOperator.java:158)
	at org.apache.http.impl.conn.AbstractPoolEntry.open(AbstractPoolEntry.java:149)
	at org.apache.http.impl.conn.AbstractPooledConnAdapter.open(AbstractPooledConnAdapter.java:121)
	at org.apache.http.impl.client.DefaultRequestDirector.tryConnect(DefaultRequestDirector.java:561)
	at org.apache.http.impl.client.DefaultRequestDirector.execute(DefaultRequestDirector.java:415)
	at org.apache.http.impl.client.AbstractHttpClient.execute(AbstractHttpClient.java:820)
	at org.apache.http.impl.client.AbstractHttpClient.execute(AbstractHttpClient.java:754)
	at org.apache.http.impl.client.AbstractHttpClient.execute(AbstractHttpClient.java:732)
	at org.restlet.ext.httpclient.internal.HttpMethodCall.sendRequest(HttpMethodCall.java:336)
	at org.restlet.engine.adapter.ClientAdapter.commit(ClientAdapter.java:114)
	at org.restlet.engine.adapter.HttpClientHelper.handle(HttpClientHelper.java:112)
	at org.restlet.Client.handle(Client.java:180)
	at org.restlet.resource.ClientResource.handle(ClientResource.java:1150)
	at org.restlet.resource.ClientResource.handleOutbound(ClientResource.java:1239)
	at org.restlet.resource.ClientResource.handle(ClientResource.java:1082)
	at org.restlet.resource.ClientResource.handle(ClientResource.java:1058)
	at org.restlet.resource.ClientResource.post(ClientResource.java:1467)
	at org.restlet.resource.ClientResource.post(ClientResource.java:1413)
	at com.safenet.restclient.AuthenticatorTest.sendLoginRequest(AuthenticatorTest.java:248)
	at com.safenet.restclient.AuthenticatorTest.loginWithoutOTP(AuthenticatorTest.java:198)
	at com.safenet.restclient.BaseTest.doLogin(BaseTest.java:89)
	at com.safenet.restclient.BaseTest.generateURIParameters(BaseTest.java:42)
	at com.safenet.restclient.PublicationSubscriptionTest.run(PublicationSubscriptionTest.java:203)
	at java.lang.Thread.run(Thread.java:722)
Caused by: java.net.ConnectException: Connection refused: connect
	at java.net.DualStackPlainSocketImpl.connect0(Native Method)
	at java.net.DualStackPlainSocketImpl.socketConnect(DualStackPlainSocketImpl.java:69)
	at java.net.AbstractPlainSocketImpl.doConnect(AbstractPlainSocketImpl.java:339)
	at java.net.AbstractPlainSocketImpl.connectToAddress(AbstractPlainSocketImpl.java:200)
	at java.net.AbstractPlainSocketImpl.connect(AbstractPlainSocketImpl.java:182)
	at java.net.PlainSocketImpl.connect(PlainSocketImpl.java:157)
	at java.net.SocksSocketImpl.connect(SocksSocketImpl.java:391)
	at java.net.Socket.connect(Socket.java:579)
	at sun.security.ssl.SSLSocketImpl.connect(SSLSocketImpl.java:612)
	at org.apache.http.conn.ssl.SSLSocketFactory.connectSocket(SSLSocketFactory.java:375)
	at org.apache.http.conn.ssl.SSLSocketFactory.connectSocket(SSLSocketFactory.java:488)
	at org.apache.http.conn.scheme.SchemeSocketFactoryAdaptor.connectSocket(SchemeSocketFactoryAdaptor.java:62)
	at org.apache.http.impl.conn.DefaultClientConnectionOperator.openConnection(DefaultClientConnectionOperator.java:148)
	... 23 more
An error occurred during the communication with the remote HTTP server.

org.apache.http.conn.HttpHostConnectException: Connection to https://localhost:8443 refused
	at org.apache.http.impl.conn.DefaultClientConnectionOperator.openConnection(DefaultClientConnectionOperator.java:158)
	at org.apache.http.impl.conn.AbstractPoolEntry.open(AbstractPoolEntry.java:149)
	at org.apache.http.impl.conn.AbstractPooledConnAdapter.open(AbstractPooledConnAdapter.java:121)
	at org.apache.http.impl.client.DefaultRequestDirector.tryConnect(DefaultRequestDirector.java:561)
	at org.apache.http.impl.client.DefaultRequestDirector.execute(DefaultRequestDirector.java:415)
	at org.apache.http.impl.client.AbstractHttpClient.execute(AbstractHttpClient.java:820)
	at org.apache.http.impl.client.AbstractHttpClient.execute(AbstractHttpClient.java:754)
	at org.apache.http.impl.client.AbstractHttpClient.execute(AbstractHttpClient.java:732)
	at org.restlet.ext.httpclient.internal.HttpMethodCall.sendRequest(HttpMethodCall.java:336)
	at org.restlet.engine.adapter.ClientAdapter.commit(ClientAdapter.java:114)
	at org.restlet.engine.adapter.HttpClientHelper.handle(HttpClientHelper.java:112)
	at org.restlet.Client.handle(Client.java:180)
	at org.restlet.resource.ClientResource.handle(ClientResource.java:1150)
	at org.restlet.resource.ClientResource.handleOutbound(ClientResource.java:1239)
	at org.restlet.resource.ClientResource.handle(ClientResource.java:1082)
	at org.restlet.resource.ClientResource.handle(ClientResource.java:1058)
	at org.restlet.resource.ClientResource.post(ClientResource.java:1467)
	at org.restlet.resource.ClientResource.post(ClientResource.java:1413)
	at com.safenet.restclient.AuthenticatorTest.sendLoginRequest(AuthenticatorTest.java:248)
	at com.safenet.restclient.AuthenticatorTest.loginWithoutOTP(AuthenticatorTest.java:198)
	at com.safenet.restclient.BaseTest.doLogin(BaseTest.java:89)
	at com.safenet.restclient.BaseTest.generateURIParameters(BaseTest.java:42)
	at com.safenet.restclient.PublicationSubscriptionTest.run(PublicationSubscriptionTest.java:203)
	at java.lang.Thread.run(Thread.java:722)
Caused by: java.net.ConnectException: Connection refused: connect
	at java.net.DualStackPlainSocketImpl.connect0(Native Method)
	at java.net.DualStackPlainSocketImpl.socketConnect(DualStackPlainSocketImpl.java:69)
	at java.net.AbstractPlainSocketImpl.doConnect(AbstractPlainSocketImpl.java:339)
	at java.net.AbstractPlainSocketImpl.connectToAddress(AbstractPlainSocketImpl.java:200)
	at java.net.AbstractPlainSocketImpl.connect(AbstractPlainSocketImpl.java:182)
	at java.net.PlainSocketImpl.connect(PlainSocketImpl.java:157)
	at java.net.SocksSocketImpl.connect(SocksSocketImpl.java:391)
	at java.net.Socket.connect(Socket.java:579)
	at sun.security.ssl.SSLSocketImpl.connect(SSLSocketImpl.java:612)
	at org.apache.http.conn.ssl.SSLSocketFactory.connectSocket(SSLSocketFactory.java:375)
	at org.apache.http.conn.ssl.SSLSocketFactory.connectSocket(SSLSocketFactory.java:488)
	at org.apache.http.conn.scheme.SchemeSocketFactoryAdaptor.connectSocket(SchemeSocketFactoryAdaptor.java:62)
	at org.apache.http.impl.conn.DefaultClientConnectionOperator.openConnection(DefaultClientConnectionOperator.java:148)
	... 23 more
An error occurred during the communication with the remote HTTP server.

org.apache.http.conn.HttpHostConnectException: Connection to https://localhost:8443 refused
	at org.apache.http.impl.conn.DefaultClientConnectionOperator.openConnection(DefaultClientConnectionOperator.java:158)
	at org.apache.http.impl.conn.AbstractPoolEntry.open(AbstractPoolEntry.java:149)
	at org.apache.http.impl.conn.AbstractPooledConnAdapter.open(AbstractPooledConnAdapter.java:121)
	at org.apache.http.impl.client.DefaultRequestDirector.tryConnect(DefaultRequestDirector.java:561)
	at org.apache.http.impl.client.DefaultRequestDirector.execute(DefaultRequestDirector.java:415)
	at org.apache.http.impl.client.AbstractHttpClient.execute(AbstractHttpClient.java:820)
	at org.apache.http.impl.client.AbstractHttpClient.execute(AbstractHttpClient.java:754)
	at org.apache.http.impl.client.AbstractHttpClient.execute(AbstractHttpClient.java:732)
	at org.restlet.ext.httpclient.internal.HttpMethodCall.sendRequest(HttpMethodCall.java:336)
	at org.restlet.engine.adapter.ClientAdapter.commit(ClientAdapter.java:114)
	at org.restlet.engine.adapter.HttpClientHelper.handle(HttpClientHelper.java:112)
	at org.restlet.Client.handle(Client.java:180)
	at org.restlet.resource.ClientResource.handle(ClientResource.java:1150)
	at org.restlet.resource.ClientResource.handleOutbound(ClientResource.java:1239)
	at org.restlet.resource.ClientResource.handle(ClientResource.java:1082)
	at org.restlet.resource.ClientResource.handle(ClientResource.java:1058)
	at org.restlet.resource.ClientResource.post(ClientResource.java:1467)
	at org.restlet.resource.ClientResource.post(ClientResource.java:1413)
	at com.safenet.restclient.AuthenticatorTest.sendLoginRequest(AuthenticatorTest.java:248)
	at com.safenet.restclient.AuthenticatorTest.loginWithoutOTP(AuthenticatorTest.java:198)
	at com.safenet.restclient.BaseTest.doLogin(BaseTest.java:89)
	at com.safenet.restclient.BaseTest.generateURIParameters(BaseTest.java:42)
	at com.safenet.restclient.PublicationSubscriptionTest.run(PublicationSubscriptionTest.java:203)
	at java.lang.Thread.run(Thread.java:722)
Caused by: java.net.ConnectException: Connection refused: connect
	at java.net.DualStackPlainSocketImpl.connect0(Native Method)
	at java.net.DualStackPlainSocketImpl.socketConnect(DualStackPlainSocketImpl.java:69)
	at java.net.AbstractPlainSocketImpl.doConnect(AbstractPlainSocketImpl.java:339)
	at java.net.AbstractPlainSocketImpl.connectToAddress(AbstractPlainSocketImpl.java:200)
	at java.net.AbstractPlainSocketImpl.connect(AbstractPlainSocketImpl.java:182)
	at java.net.PlainSocketImpl.connect(PlainSocketImpl.java:157)
	at java.net.SocksSocketImpl.connect(SocksSocketImpl.java:391)
	at java.net.Socket.connect(Socket.java:579)
	at sun.security.ssl.SSLSocketImpl.connect(SSLSocketImpl.java:612)
	at org.apache.http.conn.ssl.SSLSocketFactory.connectSocket(SSLSocketFactory.java:375)
	at org.apache.http.conn.ssl.SSLSocketFactory.connectSocket(SSLSocketFactory.java:488)
	at org.apache.http.conn.scheme.SchemeSocketFactoryAdaptor.connectSocket(SchemeSocketFactoryAdaptor.java:62)
	at org.apache.http.impl.conn.DefaultClientConnectionOperator.openConnection(DefaultClientConnectionOperator.java:148)
	... 23 more
An error occurred during the communication with the remote HTTP server.

org.apache.http.conn.HttpHostConnectException: Connection to https://localhost:8443 refused
	at org.apache.http.impl.conn.DefaultClientConnectionOperator.openConnection(DefaultClientConnectionOperator.java:158)
	at org.apache.http.impl.conn.AbstractPoolEntry.open(AbstractPoolEntry.java:149)
	at org.apache.http.impl.conn.AbstractPooledConnAdapter.open(AbstractPooledConnAdapter.java:121)
	at org.apache.http.impl.client.DefaultRequestDirector.tryConnect(DefaultRequestDirector.java:561)
	at org.apache.http.impl.client.DefaultRequestDirector.execute(DefaultRequestDirector.java:415)
	at org.apache.http.impl.client.AbstractHttpClient.execute(AbstractHttpClient.java:820)
	at org.apache.http.impl.client.AbstractHttpClient.execute(AbstractHttpClient.java:754)
	at org.apache.http.impl.client.AbstractHttpClient.execute(AbstractHttpClient.java:732)
	at org.restlet.ext.httpclient.internal.HttpMethodCall.sendRequest(HttpMethodCall.java:336)
	at org.restlet.engine.adapter.ClientAdapter.commit(ClientAdapter.java:114)
	at org.restlet.engine.adapter.HttpClientHelper.handle(HttpClientHelper.java:112)
	at org.restlet.Client.handle(Client.java:180)
	at org.restlet.resource.ClientResource.handle(ClientResource.java:1150)
	at org.restlet.resource.ClientResource.handleOutbound(ClientResource.java:1239)
	at org.restlet.resource.ClientResource.handle(ClientResource.java:1082)
	at org.restlet.resource.ClientResource.handle(ClientResource.java:1058)
	at org.restlet.resource.ClientResource.post(ClientResource.java:1467)
	at org.restlet.resource.ClientResource.post(ClientResource.java:1413)
	at com.safenet.restclient.AuthenticatorTest.sendLoginRequest(AuthenticatorTest.java:248)
	at com.safenet.restclient.AuthenticatorTest.loginWithoutOTP(AuthenticatorTest.java:198)
	at com.safenet.restclient.BaseTest.doLogin(BaseTest.java:89)
	at com.safenet.restclient.BaseTest.generateURIParameters(BaseTest.java:42)
	at com.safenet.restclient.PublicationSubscriptionTest.run(PublicationSubscriptionTest.java:203)
	at java.lang.Thread.run(Thread.java:722)
Caused by: java.net.ConnectException: Connection refused: connect
	at java.net.DualStackPlainSocketImpl.connect0(Native Method)
	at java.net.DualStackPlainSocketImpl.socketConnect(DualStackPlainSocketImpl.java:69)
	at java.net.AbstractPlainSocketImpl.doConnect(AbstractPlainSocketImpl.java:339)
	at java.net.AbstractPlainSocketImpl.connectToAddress(AbstractPlainSocketImpl.java:200)
	at java.net.AbstractPlainSocketImpl.connect(AbstractPlainSocketImpl.java:182)
	at java.net.PlainSocketImpl.connect(PlainSocketImpl.java:157)
	at java.net.SocksSocketImpl.connect(SocksSocketImpl.java:391)
	at java.net.Socket.connect(Socket.java:579)
	at sun.security.ssl.SSLSocketImpl.connect(SSLSocketImpl.java:612)
	at org.apache.http.conn.ssl.SSLSocketFactory.connectSocket(SSLSocketFactory.java:375)
	at org.apache.http.conn.ssl.SSLSocketFactory.connectSocket(SSLSocketFactory.java:488)
	at org.apache.http.conn.scheme.SchemeSocketFactoryAdaptor.connectSocket(SchemeSocketFactoryAdaptor.java:62)
	at org.apache.http.impl.conn.DefaultClientConnectionOperator.openConnection(DefaultClientConnectionOperator.java:148)
	... 23 more
An error occurred during the communication with the remote HTTP server.

org.apache.http.conn.HttpHostConnectException: Connection to https://localhost:8443 refused
	at org.apache.http.impl.conn.DefaultClientConnectionOperator.openConnection(DefaultClientConnectionOperator.java:158)
	at org.apache.http.impl.conn.AbstractPoolEntry.open(AbstractPoolEntry.java:149)
	at org.apache.http.impl.conn.AbstractPooledConnAdapter.open(AbstractPooledConnAdapter.java:121)
	at org.apache.http.impl.client.DefaultRequestDirector.tryConnect(DefaultRequestDirector.java:561)
	at org.apache.http.impl.client.DefaultRequestDirector.execute(DefaultRequestDirector.java:415)
	at org.apache.http.impl.client.AbstractHttpClient.execute(AbstractHttpClient.java:820)
	at org.apache.http.impl.client.AbstractHttpClient.execute(AbstractHttpClient.java:754)
	at org.apache.http.impl.client.AbstractHttpClient.execute(AbstractHttpClient.java:732)
	at org.restlet.ext.httpclient.internal.HttpMethodCall.sendRequest(HttpMethodCall.java:336)
	at org.restlet.engine.adapter.ClientAdapter.commit(ClientAdapter.java:114)
	at org.restlet.engine.adapter.HttpClientHelper.handle(HttpClientHelper.java:112)
	at org.restlet.Client.handle(Client.java:180)
	at org.restlet.resource.ClientResource.handle(ClientResource.java:1150)
	at org.restlet.resource.ClientResource.handleOutbound(ClientResource.java:1239)
	at org.restlet.resource.ClientResource.handle(ClientResource.java:1082)
	at org.restlet.resource.ClientResource.handle(ClientResource.java:1058)
	at org.restlet.resource.ClientResource.post(ClientResource.java:1467)
	at org.restlet.resource.ClientResource.post(ClientResource.java:1413)
	at com.safenet.restclient.AuthenticatorTest.sendLoginRequest(AuthenticatorTest.java:248)
	at com.safenet.restclient.AuthenticatorTest.loginWithoutOTP(AuthenticatorTest.java:198)
	at com.safenet.restclient.BaseTest.doLogin(BaseTest.java:89)
	at com.safenet.restclient.BaseTest.generateURIParameters(BaseTest.java:42)
	at com.safenet.restclient.PublicationSubscriptionTest.run(PublicationSubscriptionTest.java:203)
	at java.lang.Thread.run(Thread.java:722)
Caused by: java.net.ConnectException: Connection refused: connect
	at java.net.DualStackPlainSocketImpl.connect0(Native Method)
	at java.net.DualStackPlainSocketImpl.socketConnect(DualStackPlainSocketImpl.java:69)
	at java.net.AbstractPlainSocketImpl.doConnect(AbstractPlainSocketImpl.java:339)
	at java.net.AbstractPlainSocketImpl.connectToAddress(AbstractPlainSocketImpl.java:200)
	at java.net.AbstractPlainSocketImpl.connect(AbstractPlainSocketImpl.java:182)
	at java.net.PlainSocketImpl.connect(PlainSocketImpl.java:157)
	at java.net.SocksSocketImpl.connect(SocksSocketImpl.java:391)
	at java.net.Socket.connect(Socket.java:579)
	at sun.security.ssl.SSLSocketImpl.connect(SSLSocketImpl.java:612)
	at org.apache.http.conn.ssl.SSLSocketFactory.connectSocket(SSLSocketFactory.java:375)
	at org.apache.http.conn.ssl.SSLSocketFactory.connectSocket(SSLSocketFactory.java:488)
	at org.apache.http.conn.scheme.SchemeSocketFactoryAdaptor.connectSocket(SchemeSocketFactoryAdaptor.java:62)
	at org.apache.http.impl.conn.DefaultClientConnectionOperator.openConnection(DefaultClientConnectionOperator.java:148)
	... 23 more
An error occurred during the communication with the remote HTTP server.

org.apache.http.conn.HttpHostConnectException: Connection to https://localhost:8443 refused
	at org.apache.http.impl.conn.DefaultClientConnectionOperator.openConnection(DefaultClientConnectionOperator.java:158)
	at org.apache.http.impl.conn.AbstractPoolEntry.open(AbstractPoolEntry.java:149)
	at org.apache.http.impl.conn.AbstractPooledConnAdapter.open(AbstractPooledConnAdapter.java:121)
	at org.apache.http.impl.client.DefaultRequestDirector.tryConnect(DefaultRequestDirector.java:561)
	at org.apache.http.impl.client.DefaultRequestDirector.execute(DefaultRequestDirector.java:415)
	at org.apache.http.impl.client.AbstractHttpClient.execute(AbstractHttpClient.java:820)
	at org.apache.http.impl.client.AbstractHttpClient.execute(AbstractHttpClient.java:754)
	at org.apache.http.impl.client.AbstractHttpClient.execute(AbstractHttpClient.java:732)
	at org.restlet.ext.httpclient.internal.HttpMethodCall.sendRequest(HttpMethodCall.java:336)
	at org.restlet.engine.adapter.ClientAdapter.commit(ClientAdapter.java:114)
	at org.restlet.engine.adapter.HttpClientHelper.handle(HttpClientHelper.java:112)
	at org.restlet.Client.handle(Client.java:180)
	at org.restlet.resource.ClientResource.handle(ClientResource.java:1150)
	at org.restlet.resource.ClientResource.handleOutbound(ClientResource.java:1239)
	at org.restlet.resource.ClientResource.handle(ClientResource.java:1082)
	at org.restlet.resource.ClientResource.handle(ClientResource.java:1058)
	at org.restlet.resource.ClientResource.post(ClientResource.java:1467)
	at org.restlet.resource.ClientResource.post(ClientResource.java:1413)
	at com.safenet.restclient.AuthenticatorTest.sendLoginRequest(AuthenticatorTest.java:248)
	at com.safenet.restclient.AuthenticatorTest.loginWithoutOTP(AuthenticatorTest.java:198)
	at com.safenet.restclient.BaseTest.doLogin(BaseTest.java:89)
	at com.safenet.restclient.BaseTest.generateURIParameters(BaseTest.java:42)
	at com.safenet.restclient.PublicationSubscriptionTest.run(PublicationSubscriptionTest.java:203)
	at java.lang.Thread.run(Thread.java:722)
Caused by: java.net.ConnectException: Connection refused: connect
	at java.net.DualStackPlainSocketImpl.connect0(Native Method)
	at java.net.DualStackPlainSocketImpl.socketConnect(DualStackPlainSocketImpl.java:69)
	at java.net.AbstractPlainSocketImpl.doConnect(AbstractPlainSocketImpl.java:339)
	at java.net.AbstractPlainSocketImpl.connectToAddress(AbstractPlainSocketImpl.java:200)
	at java.net.AbstractPlainSocketImpl.connect(AbstractPlainSocketImpl.java:182)
	at java.net.PlainSocketImpl.connect(PlainSocketImpl.java:157)
	at java.net.SocksSocketImpl.connect(SocksSocketImpl.java:391)
	at java.net.Socket.connect(Socket.java:579)
	at sun.security.ssl.SSLSocketImpl.connect(SSLSocketImpl.java:612)
	at org.apache.http.conn.ssl.SSLSocketFactory.connectSocket(SSLSocketFactory.java:375)
	at org.apache.http.conn.ssl.SSLSocketFactory.connectSocket(SSLSocketFactory.java:488)
	at org.apache.http.conn.scheme.SchemeSocketFactoryAdaptor.connectSocket(SchemeSocketFactoryAdaptor.java:62)
	at org.apache.http.impl.conn.DefaultClientConnectionOperator.openConnection(DefaultClientConnectionOperator.java:148)
	... 23 more
Exception in thread "Thread-9" java.lang.AssertionError: 
	at org.junit.Assert.fail(Assert.java:91)
	at org.junit.Assert.fail(Assert.java:98)
	at com.safenet.restclient.PublicationSubscriptionTest.run(PublicationSubscriptionTest.java:225)
	at java.lang.Thread.run(Thread.java:722)
An error occurred during the communication with the remote HTTP server.

org.apache.http.conn.HttpHostConnectException: Connection to https://localhost:8443 refused
	at org.apache.http.impl.conn.DefaultClientConnectionOperator.openConnection(DefaultClientConnectionOperator.java:158)
	at org.apache.http.impl.conn.AbstractPoolEntry.open(AbstractPoolEntry.java:149)
	at org.apache.http.impl.conn.AbstractPooledConnAdapter.open(AbstractPooledConnAdapter.java:121)
	at org.apache.http.impl.client.DefaultRequestDirector.tryConnect(DefaultRequestDirector.java:561)
	at org.apache.http.impl.client.DefaultRequestDirector.execute(DefaultRequestDirector.java:415)
	at org.apache.http.impl.client.AbstractHttpClient.execute(AbstractHttpClient.java:820)
	at org.apache.http.impl.client.AbstractHttpClient.execute(AbstractHttpClient.java:754)
	at org.apache.http.impl.client.AbstractHttpClient.execute(AbstractHttpClient.java:732)
	at org.restlet.ext.httpclient.internal.HttpMethodCall.sendRequest(HttpMethodCall.java:336)
	at org.restlet.engine.adapter.ClientAdapter.commit(ClientAdapter.java:114)
	at org.restlet.engine.adapter.HttpClientHelper.handle(HttpClientHelper.java:112)
	at org.restlet.Client.handle(Client.java:180)
	at org.restlet.resource.ClientResource.handle(ClientResource.java:1150)
	at org.restlet.resource.ClientResource.handleOutbound(ClientResource.java:1239)
	at org.restlet.resource.ClientResource.handle(ClientResource.java:1082)
	at org.restlet.resource.ClientResource.handle(ClientResource.java:1058)
	at org.restlet.resource.ClientResource.post(ClientResource.java:1467)
	at org.restlet.resource.ClientResource.post(ClientResource.java:1413)
	at com.safenet.restclient.AuthenticatorTest.sendLoginRequest(AuthenticatorTest.java:248)
	at com.safenet.restclient.AuthenticatorTest.loginWithoutOTP(AuthenticatorTest.java:198)
	at com.safenet.restclient.BaseTest.doLogin(BaseTest.java:89)
	at com.safenet.restclient.BaseTest.generateURIParameters(BaseTest.java:42)
	at com.safenet.restclient.PublicationSubscriptionTest.run(PublicationSubscriptionTest.java:203)
	at java.lang.Thread.run(Thread.java:722)
Caused by: java.net.ConnectException: Connection refused: connect
	at java.net.DualStackPlainSocketImpl.connect0(Native Method)
	at java.net.DualStackPlainSocketImpl.socketConnect(DualStackPlainSocketImpl.java:69)
	at java.net.AbstractPlainSocketImpl.doConnect(AbstractPlainSocketImpl.java:339)
	at java.net.AbstractPlainSocketImpl.connectToAddress(AbstractPlainSocketImpl.java:200)
	at java.net.AbstractPlainSocketImpl.connect(AbstractPlainSocketImpl.java:182)
	at java.net.PlainSocketImpl.connect(PlainSocketImpl.java:157)
	at java.net.SocksSocketImpl.connect(SocksSocketImpl.java:391)
	at java.net.Socket.connect(Socket.java:579)
	at sun.security.ssl.SSLSocketImpl.connect(SSLSocketImpl.java:612)
	at org.apache.http.conn.ssl.SSLSocketFactory.connectSocket(SSLSocketFactory.java:375)
	at org.apache.http.conn.ssl.SSLSocketFactory.connectSocket(SSLSocketFactory.java:488)
	at org.apache.http.conn.scheme.SchemeSocketFactoryAdaptor.connectSocket(SchemeSocketFactoryAdaptor.java:62)
	at org.apache.http.impl.conn.DefaultClientConnectionOperator.openConnection(DefaultClientConnectionOperator.java:148)
	... 23 more
Exception in thread "Thread-6" java.lang.AssertionError: 
	at org.junit.Assert.fail(Assert.java:91)
	at org.junit.Assert.fail(Assert.java:98)
	at com.safenet.restclient.PublicationSubscriptionTest.run(PublicationSubscriptionTest.java:225)
	at java.lang.Thread.run(Thread.java:722)
Exception in thread "Thread-4" java.lang.AssertionError: 
	at org.junit.Assert.fail(Assert.java:91)
	at org.junit.Assert.fail(Assert.java:98)
	at com.safenet.restclient.PublicationSubscriptionTest.run(PublicationSubscriptionTest.java:225)
	at java.lang.Thread.run(Thread.java:722)
Exception in thread "Thread-7" java.lang.AssertionError: 
	at org.junit.Assert.fail(Assert.java:91)
	at org.junit.Assert.fail(Assert.java:98)
	at com.safenet.restclient.PublicationSubscriptionTest.run(PublicationSubscriptionTest.java:225)
	at java.lang.Thread.run(Thread.java:722)
Exception in thread "Thread-10" java.lang.AssertionError: 
	at org.junit.Assert.fail(Assert.java:91)
	at org.junit.Assert.fail(Assert.java:98)
	at com.safenet.restclient.PublicationSubscriptionTest.run(PublicationSubscriptionTest.java:225)
	at java.lang.Thread.run(Thread.java:722)
Exception in thread "Thread-2" java.lang.AssertionError: 
	at org.junit.Assert.fail(Assert.java:91)
	at org.junit.Assert.fail(Assert.java:98)
	at com.safenet.restclient.PublicationSubscriptionTest.run(PublicationSubscriptionTest.java:225)
	at java.lang.Thread.run(Thread.java:722)
Exception in thread "Thread-3" java.lang.AssertionError: 
	at org.junit.Assert.fail(Assert.java:91)
	at org.junit.Assert.fail(Assert.java:98)
	at com.safenet.restclient.PublicationSubscriptionTest.run(PublicationSubscriptionTest.java:225)
	at java.lang.Thread.run(Thread.java:722)
Exception in thread "Thread-5" java.lang.AssertionError: 
	at org.junit.Assert.fail(Assert.java:91)
	at org.junit.Assert.fail(Assert.java:98)
	at com.safenet.restclient.PublicationSubscriptionTest.run(PublicationSubscriptionTest.java:225)
	at java.lang.Thread.run(Thread.java:722)
An error occurred during the communication with the remote HTTP server.

org.apache.http.conn.HttpHostConnectException: Connection to https://localhost:8443 refused
	at org.apache.http.impl.conn.DefaultClientConnectionOperator.openConnection(DefaultClientConnectionOperator.java:158)
	at org.apache.http.impl.conn.AbstractPoolEntry.open(AbstractPoolEntry.java:149)
	at org.apache.http.impl.conn.AbstractPooledConnAdapter.open(AbstractPooledConnAdapter.java:121)
	at org.apache.http.impl.client.DefaultRequestDirector.tryConnect(DefaultRequestDirector.java:561)
	at org.apache.http.impl.client.DefaultRequestDirector.execute(DefaultRequestDirector.java:415)
	at org.apache.http.impl.client.AbstractHttpClient.execute(AbstractHttpClient.java:820)
	at org.apache.http.impl.client.AbstractHttpClient.execute(AbstractHttpClient.java:754)
	at org.apache.http.impl.client.AbstractHttpClient.execute(AbstractHttpClient.java:732)
	at org.restlet.ext.httpclient.internal.HttpMethodCall.sendRequest(HttpMethodCall.java:336)
	at org.restlet.engine.adapter.ClientAdapter.commit(ClientAdapter.java:114)
	at org.restlet.engine.adapter.HttpClientHelper.handle(HttpClientHelper.java:112)
	at org.restlet.Client.handle(Client.java:180)
	at org.restlet.resource.ClientResource.handle(ClientResource.java:1150)
	at org.restlet.resource.ClientResource.handleOutbound(ClientResource.java:1239)
	at org.restlet.resource.ClientResource.handle(ClientResource.java:1082)
	at org.restlet.resource.ClientResource.handle(ClientResource.java:1058)
	at org.restlet.resource.ClientResource.post(ClientResource.java:1467)
	at org.restlet.resource.ClientResource.post(ClientResource.java:1413)
	at com.safenet.restclient.AuthenticatorTest.sendLoginRequest(AuthenticatorTest.java:248)
	at com.safenet.restclient.AuthenticatorTest.loginWithoutOTP(AuthenticatorTest.java:198)
	at com.safenet.restclient.BaseTest.doLogin(BaseTest.java:89)
	at com.safenet.restclient.BaseTest.generateURIParameters(BaseTest.java:42)
	at com.safenet.restclient.PublicationSubscriptionTest.run(PublicationSubscriptionTest.java:203)
	at java.lang.Thread.run(Thread.java:722)
Caused by: java.net.ConnectException: Connection refused: connect
	at java.net.DualStackPlainSocketImpl.connect0(Native Method)
	at java.net.DualStackPlainSocketImpl.socketConnect(DualStackPlainSocketImpl.java:69)
	at java.net.AbstractPlainSocketImpl.doConnect(AbstractPlainSocketImpl.java:339)
	at java.net.AbstractPlainSocketImpl.connectToAddress(AbstractPlainSocketImpl.java:200)
	at java.net.AbstractPlainSocketImpl.connect(AbstractPlainSocketImpl.java:182)
	at java.net.PlainSocketImpl.connect(PlainSocketImpl.java:157)
	at java.net.SocksSocketImpl.connect(SocksSocketImpl.java:391)
	at java.net.Socket.connect(Socket.java:579)
	at sun.security.ssl.SSLSocketImpl.connect(SSLSocketImpl.java:612)
	at org.apache.http.conn.ssl.SSLSocketFactory.connectSocket(SSLSocketFactory.java:375)
	at org.apache.http.conn.ssl.SSLSocketFactory.connectSocket(SSLSocketFactory.java:488)
	at org.apache.http.conn.scheme.SchemeSocketFactoryAdaptor.connectSocket(SchemeSocketFactoryAdaptor.java:62)
	at org.apache.http.impl.conn.DefaultClientConnectionOperator.openConnection(DefaultClientConnectionOperator.java:148)
	... 23 more
Exception in thread "Thread-8" java.lang.AssertionError: 
	at org.junit.Assert.fail(Assert.java:91)
	at org.junit.Assert.fail(Assert.java:98)
[...]
	at sun.reflect.DelegatingMethodAccessorImpl.invoke(DelegatingMethodAccessorImpl.java:43)
	at java.lang.reflect.Method.invoke(Method.java:601)
	at org.junit.runners.model.FrameworkMethod$1.runReflectiveCall(FrameworkMethod.java:44)
	at org.junit.internal.runners.model.ReflectiveCallable.run(ReflectiveCallable.java:15)
	at org.junit.runners.model.FrameworkMethod.invokeExplosively(FrameworkMethod.java:41)
	at org.junit.internal.runners.statements.InvokeMethod.evaluate(InvokeMethod.java:20)
	at org.junit.internal.runners.statements.RunBefores.evaluate(RunBefores.java:28)
	at org.junit.internal.runners.statements.RunAfters.evaluate(RunAfters.java:31)
	at org.junit.runners.BlockJUnit4ClassRunner.runNotIgnored(BlockJUnit4ClassRunner.java:79)
	at org.junit.runners.BlockJUnit4ClassRunner.runChild(BlockJUnit4ClassRunner.java:71)
	at org.junit.runners.BlockJUnit4ClassRunner.runChild(BlockJUnit4ClassRunner.java:49)
	at org.junit.runners.ParentRunner$3.run(ParentRunner.java:193)
	at org.junit.runners.ParentRunner$1.schedule(ParentRunner.java:52)
	at org.junit.runners.ParentRunner.runChildren(ParentRunner.java:191)
	at org.junit.runners.ParentRunner.access$000(ParentRunner.java:42)
	at org.junit.runners.ParentRunner$2.evaluate(ParentRunner.java:184)
	at org.junit.runners.ParentRunner.run(ParentRunner.java:236)
	at org.junit.runners.Suite.runChild(Suite.java:128)
	at org.junit.runners.Suite.runChild(Suite.java:24)
	at org.junit.runners.ParentRunner$3.run(ParentRunner.java:193)
	at org.junit.runners.ParentRunner$1.schedule(ParentRunner.java:52)
	at org.junit.runners.ParentRunner.runChildren(ParentRunner.java:191)
	at org.junit.runners.ParentRunner.access$000(ParentRunner.java:42)
	at org.junit.runners.ParentRunner$2.evaluate(ParentRunner.java:184)
	at org.junit.runners.ParentRunner.run(ParentRunner.java:236)
	at junit.framework.JUnit4TestAdapter.run(JUnit4TestAdapter.java:39)
	at org.apache.tools.ant.taskdefs.optional.junit.JUnitTestRunner.run(JUnitTestRunner.java:520)
	at org.apache.tools.ant.taskdefs.optional.junit.JUnitTestRunner.launch(JUnitTestRunner.java:1060)
	at org.apache.tools.ant.taskdefs.optional.junit.JUnitTestRunner.main(JUnitTestRunner.java:911)
Caused by: java.net.ConnectException: Connection refused: connect
	at java.net.DualStackPlainSocketImpl.connect0(Native Method)
	at java.net.DualStackPlainSocketImpl.socketConnect(DualStackPlainSocketImpl.java:69)
	at java.net.AbstractPlainSocketImpl.doConnect(AbstractPlainSocketImpl.java:339)
	at java.net.AbstractPlainSocketImpl.connectToAddress(AbstractPlainSocketImpl.java:200)
	at java.net.AbstractPlainSocketImpl.connect(AbstractPlainSocketImpl.java:182)
	at java.net.PlainSocketImpl.connect(PlainSocketImpl.java:157)
	at java.net.SocksSocketImpl.connect(SocksSocketImpl.java:391)
	at java.net.Socket.connect(Socket.java:579)
	at sun.security.ssl.SSLSocketImpl.connect(SSLSocketImpl.java:612)
	at org.apache.http.conn.ssl.SSLSocketFactory.connectSocket(SSLSocketFactory.java:375)
	at org.apache.http.conn.ssl.SSLSocketFactory.connectSocket(SSLSocketFactory.java:488)
	at org.apache.http.conn.scheme.SchemeSocketFactoryAdaptor.connectSocket(SchemeSocketFactoryAdaptor.java:62)
	at org.apache.http.impl.conn.DefaultClientConnectionOperator.openConnection(DefaultClientConnectionOperator.java:148)
	... 53 more
Starting the Apache HTTP client
An error occurred during the communication with the remote HTTP server.

org.apache.http.conn.HttpHostConnectException: Connection to https://localhost:8443 refused
	at org.apache.http.impl.conn.DefaultClientConnectionOperator.openConnection(DefaultClientConnectionOperator.java:158)
	at org.apache.http.impl.conn.AbstractPoolEntry.open(AbstractPoolEntry.java:149)
	at org.apache.http.impl.conn.AbstractPooledConnAdapter.open(AbstractPooledConnAdapter.java:121)
	at org.apache.http.impl.client.DefaultRequestDirector.tryConnect(DefaultRequestDirector.java:561)
	at org.apache.http.impl.client.DefaultRequestDirector.execute(DefaultRequestDirector.java:415)
	at org.apache.http.impl.client.AbstractHttpClient.execute(AbstractHttpClient.java:820)
	at org.apache.http.impl.client.AbstractHttpClient.execute(AbstractHttpClient.java:754)
	at org.apache.http.impl.client.AbstractHttpClient.execute(AbstractHttpClient.java:732)
	at org.restlet.ext.httpclient.internal.HttpMethodCall.sendRequest(HttpMethodCall.java:336)
	at org.restlet.engine.adapter.ClientAdapter.commit(ClientAdapter.java:114)
	at org.restlet.engine.adapter.HttpClientHelper.handle(HttpClientHelper.java:112)
	at org.restlet.Client.handle(Client.java:180)
	at org.restlet.resource.ClientResource.handle(ClientResource.java:1150)
	at org.restlet.resource.ClientResource.handleOutbound(ClientResource.java:1239)
	at org.restlet.resource.ClientResource.handle(ClientResource.java:1082)
	at org.restlet.resource.ClientResource.handle(ClientResource.java:1058)
	at org.restlet.resource.ClientResource.post(ClientResource.java:1467)
	at org.restlet.resource.ClientResource.post(ClientResource.java:1413)
	at com.safenet.restclient.AuthenticatorTest.sendLoginRequest(AuthenticatorTest.java:248)
	at com.safenet.restclient.AuthenticatorTest.loginWithoutOTP(AuthenticatorTest.java:198)
	at com.safenet.restclient.BaseTest.doLogin(BaseTest.java:89)
	at com.safenet.restclient.BaseTest.generateURIParameters(BaseTest.java:42)
	at com.safenet.restclient.RoleTest.deleteRole(RoleTest.java:169)
	at sun.reflect.NativeMethodAccessorImpl.invoke0(Native Method)
	at sun.reflect.NativeMethodAccessorImpl.invoke(NativeMethodAccessorImpl.java:57)
	at sun.reflect.DelegatingMethodAccessorImpl.invoke(DelegatingMethodAccessorImpl.java:43)
	at java.lang.reflect.Method.invoke(Method.java:601)
	at org.junit.runners.model.FrameworkMethod$1.runReflectiveCall(FrameworkMethod.java:44)
	at org.junit.internal.runners.model.ReflectiveCallable.run(ReflectiveCallable.java:15)
	at org.junit.runners.model.FrameworkMethod.invokeExplosively(FrameworkMethod.java:41)
	at org.junit.internal.runners.statements.InvokeMethod.evaluate(InvokeMethod.java:20)
	at org.junit.internal.runners.statements.RunBefores.evaluate(RunBefores.java:28)
	at org.junit.internal.runners.statements.RunAfters.evaluate(RunAfters.java:31)
	at org.junit.runners.BlockJUnit4ClassRunner.runNotIgnored(BlockJUnit4ClassRunner.java:79)
	at org.junit.runners.BlockJUnit4ClassRunner.runChild(BlockJUnit4ClassRunner.java:71)
	at org.junit.runners.BlockJUnit4ClassRunner.runChild(BlockJUnit4ClassRunner.java:49)
	at org.junit.runners.ParentRunner$3.run(ParentRunner.java:193)
	at org.junit.runners.ParentRunner$1.schedule(ParentRunner.java:52)
	at org.junit.runners.ParentRunner.runChildren(ParentRunner.java:191)
	at org.junit.runners.ParentRunner.access$000(ParentRunner.java:42)
	at org.junit.runners.ParentRunner$2.evaluate(ParentRunner.java:184)
	at org.junit.runners.ParentRunner.run(ParentRunner.java:236)
	at org.junit.runners.Suite.runChild(Suite.java:128)
	at org.junit.runners.Suite.runChild(Suite.java:24)
	at org.junit.runners.ParentRunner$3.run(ParentRunner.java:193)
	at org.junit.runners.ParentRunner$1.schedule(ParentRunner.java:52)
	at org.junit.runners.ParentRunner.runChildren(ParentRunner.java:191)
	at org.junit.runners.ParentRunner.access$000(ParentRunner.java:42)
	at org.junit.runners.ParentRunner$2.evaluate(ParentRunner.java:184)
	at org.junit.runners.ParentRunner.run(ParentRunner.java:236)
	at junit.framework.JUnit4TestAdapter.run(JUnit4TestAdapter.java:39)
	at org.apache.tools.ant.taskdefs.optional.junit.JUnitTestRunner.run(JUnitTestRunner.java:520)
	at org.apache.tools.ant.taskdefs.optional.junit.JUnitTestRunner.launch(JUnitTestRunner.java:1060)
	at org.apache.tools.ant.taskdefs.optional.junit.JUnitTestRunner.main(JUnitTestRunner.java:911)
Caused by: java.net.ConnectException: Connection refused: connect
	at java.net.DualStackPlainSocketImpl.connect0(Native Method)
	at java.net.DualStackPlainSocketImpl.socketConnect(DualStackPlainSocketImpl.java:69)
	at java.net.AbstractPlainSocketImpl.doConnect(AbstractPlainSocketImpl.java:339)
	at java.net.AbstractPlainSocketImpl.connectToAddress(AbstractPlainSocketImpl.java:200)
	at java.net.AbstractPlainSocketImpl.connect(AbstractPlainSocketImpl.java:182)
	at java.net.PlainSocketImpl.connect(PlainSocketImpl.java:157)
	at java.net.SocksSocketImpl.connect(SocksSocketImpl.java:391)
	at java.net.Socket.connect(Socket.java:579)
	at sun.security.ssl.SSLSocketImpl.connect(SSLSocketImpl.java:612)
	at org.apache.http.conn.ssl.SSLSocketFactory.connectSocket(SSLSocketFactory.java:375)
	at org.apache.http.conn.ssl.SSLSocketFactory.connectSocket(SSLSocketFactory.java:488)
	at org.apache.http.conn.scheme.SchemeSocketFactoryAdaptor.connectSocket(SchemeSocketFactoryAdaptor.java:62)
	at org.apache.http.impl.conn.DefaultClientConnectionOperator.openConnection(DefaultClientConnectionOperator.java:148)
	... 53 more
Stopping the HTTP client
Stopping the HTTP client
Starting the Apache HTTP client
An error occurred during the communication with the remote HTTP server.

org.apache.http.conn.HttpHostConnectException: Connection to https://localhost:8443 refused
	at org.apache.http.impl.conn.DefaultClientConnectionOperator.openConnection(DefaultClientConnectionOperator.java:158)
	at org.apache.http.impl.conn.AbstractPoolEntry.open(AbstractPoolEntry.java:149)
	at org.apache.http.impl.conn.AbstractPooledConnAdapter.open(AbstractPooledConnAdapter.java:121)
	at org.apache.http.impl.client.DefaultRequestDirector.tryConnect(DefaultRequestDirector.java:561)
	at org.apache.http.impl.client.DefaultRequestDirector.execute(DefaultRequestDirector.java:415)
	at org.apache.http.impl.client.AbstractHttpClient.execute(AbstractHttpClient.java:820)
	at org.apache.http.impl.client.AbstractHttpClient.execute(AbstractHttpClient.java:754)
	at org.apache.http.impl.client.AbstractHttpClient.execute(AbstractHttpClient.java:732)
	at org.restlet.ext.httpclient.internal.HttpMethodCall.sendRequest(HttpMethodCall.java:336)
	at org.restlet.engine.adapter.ClientAdapter.commit(ClientAdapter.java:114)
	at org.restlet.engine.adapter.HttpClientHelper.handle(HttpClientHelper.java:112)
	at org.restlet.Client.handle(Client.java:180)
	at org.restlet.resource.ClientResource.handle(ClientResource.java:1150)
	at org.restlet.resource.ClientResource.handleOutbound(ClientResource.java:1239)
	at org.restlet.resource.ClientResource.handle(ClientResource.java:1082)
	at org.restlet.resource.ClientResource.handle(ClientResource.java:1058)
	at org.restlet.resource.ClientResource.post(ClientResource.java:1467)
	at org.restlet.resource.ClientResource.post(ClientResource.java:1413)
	at com.safenet.restclient.AuthenticatorTest.sendLoginRequest(AuthenticatorTest.java:248)
	at com.safenet.restclient.AuthenticatorTest.loginWithoutOTP(AuthenticatorTest.java:198)
	at com.safenet.restclient.BaseTest.doLogin(BaseTest.java:89)
	at com.safenet.restclient.BaseTest.generateURIParameters(BaseTest.java:42)
	at com.safenet.restclient.TenantTest.createTenant(TenantTest.java:75)
	at sun.reflect.NativeMethodAccessorImpl.invoke0(Native Method)
	at sun.reflect.NativeMethodAccessorImpl.invoke(NativeMethodAccessorImpl.java:57)
	at sun.reflect.DelegatingMethodAccessorImpl.invoke(DelegatingMethodAccessorImpl.java:43)
	at java.lang.reflect.Method.invoke(Method.java:601)
	at org.junit.runners.model.FrameworkMethod$1.runReflectiveCall(FrameworkMethod.java:44)
	at org.junit.internal.runners.model.ReflectiveCallable.run(ReflectiveCallable.java:15)
	at org.junit.runners.model.FrameworkMethod.invokeExplosively(FrameworkMethod.java:41)
	at org.junit.internal.runners.statements.InvokeMethod.evaluate(InvokeMethod.java:20)
	at org.junit.internal.runners.statements.RunBefores.evaluate(RunBefores.java:28)
	at org.junit.internal.runners.statements.RunAfters.evaluate(RunAfters.java:31)
	at org.junit.runners.BlockJUnit4ClassRunner.runNotIgnored(BlockJUnit4ClassRunner.java:79)
	at org.junit.runners.BlockJUnit4ClassRunner.runChild(BlockJUnit4ClassRunner.java:71)
	at org.junit.runners.BlockJUnit4ClassRunner.runChild(BlockJUnit4ClassRunner.java:49)
	at org.junit.runners.ParentRunner$3.run(ParentRunner.java:193)
	at org.junit.runners.ParentRunner$1.schedule(ParentRunner.java:52)
	at org.junit.runners.ParentRunner.runChildren(ParentRunner.java:191)
	at org.junit.runners.ParentRunner.access$000(ParentRunner.java:42)
	at org.junit.runners.ParentRunner$2.evaluate(ParentRunner.java:184)
	at org.junit.runners.ParentRunner.run(ParentRunner.java:236)
	at org.junit.runners.Suite.runChild(Suite.java:128)
	at org.junit.runners.Suite.runChild(Suite.java:24)
	at org.junit.runners.ParentRunner$3.run(ParentRunner.java:193)
	at org.junit.runners.ParentRunner$1.schedule(ParentRunner.java:52)
	at org.junit.runners.ParentRunner.runChildren(ParentRunner.java:191)
	at org.junit.runners.ParentRunner.access$000(ParentRunner.java:42)
	at org.junit.runners.ParentRunner$2.evaluate(ParentRunner.java:184)
	at org.junit.runners.ParentRunner.run(ParentRunner.java:236)
	at junit.framework.JUnit4TestAdapter.run(JUnit4TestAdapter.java:39)
	at org.apache.tools.ant.taskdefs.optional.junit.JUnitTestRunner.run(JUnitTestRunner.java:520)
	at org.apache.tools.ant.taskdefs.optional.junit.JUnitTestRunner.launch(JUnitTestRunner.java:1060)
	at org.apache.tools.ant.taskdefs.optional.junit.JUnitTestRunner.main(JUnitTestRunner.java:911)
Caused by: java.net.ConnectException: Connection refused: connect
	at java.net.DualStackPlainSocketImpl.connect0(Native Method)
	at java.net.DualStackPlainSocketImpl.socketConnect(DualStackPlainSocketImpl.java:69)
	at java.net.AbstractPlainSocketImpl.doConnect(AbstractPlainSocketImpl.java:339)
	at java.net.AbstractPlainSocketImpl.connectToAddress(AbstractPlainSocketImpl.java:200)
	at java.net.AbstractPlainSocketImpl.connect(AbstractPlainSocketImpl.java:182)
	at java.net.PlainSocketImpl.connect(PlainSocketImpl.java:157)
	at java.net.SocksSocketImpl.connect(SocksSocketImpl.java:391)
	at java.net.Socket.connect(Socket.java:579)
	at sun.security.ssl.SSLSocketImpl.connect(SSLSocketImpl.java:612)
	at org.apache.http.conn.ssl.SSLSocketFactory.connectSocket(SSLSocketFactory.java:375)
	at org.apache.http.conn.ssl.SSLSocketFactory.connectSocket(SSLSocketFactory.java:488)
	at org.apache.http.conn.scheme.SchemeSocketFactoryAdaptor.connectSocket(SchemeSocketFactoryAdaptor.java:62)
	at org.apache.http.impl.conn.DefaultClientConnectionOperator.openConnection(DefaultClientConnectionOperator.java:148)
	... 53 more
Starting the Apache HTTP client
An error occurred during the communication with the remote HTTP server.

org.apache.http.conn.HttpHostConnectException: Connection to https://localhost:8443 refused
	at org.apache.http.impl.conn.DefaultClientConnectionOperator.openConnection(DefaultClientConnectionOperator.java:158)
	at org.apache.http.impl.conn.AbstractPoolEntry.open(AbstractPoolEntry.java:149)
	at org.apache.http.impl.conn.AbstractPooledConnAdapter.open(AbstractPooledConnAdapter.java:121)
	at org.apache.http.impl.client.DefaultRequestDirector.tryConnect(DefaultRequestDirector.java:561)
	at org.apache.http.impl.client.DefaultRequestDirector.execute(DefaultRequestDirector.java:415)
	at org.apache.http.impl.client.AbstractHttpClient.execute(AbstractHttpClient.java:820)
	at org.apache.http.impl.client.AbstractHttpClient.execute(AbstractHttpClient.java:754)
	at org.apache.http.impl.client.AbstractHttpClient.execute(AbstractHttpClient.java:732)
	at org.restlet.ext.httpclient.internal.HttpMethodCall.sendRequest(HttpMethodCall.java:336)
	at org.restlet.engine.adapter.ClientAdapter.commit(ClientAdapter.java:114)
	at org.restlet.engine.adapter.HttpClientHelper.handle(HttpClientHelper.java:112)
	at org.restlet.Client.handle(Client.java:180)
	at org.restlet.resource.ClientResource.handle(ClientResource.java:1150)
	at org.restlet.resource.ClientResource.handleOutbound(ClientResource.java:1239)
	at org.restlet.resource.ClientResource.handle(ClientResource.java:1082)
	at org.restlet.resource.ClientResource.handle(ClientResource.java:1058)
	at org.restlet.resource.ClientResource.post(ClientResource.java:1467)
	at org.restlet.resource.ClientResource.post(ClientResource.java:1413)
	at com.safenet.restclient.AuthenticatorTest.sendLoginRequest(AuthenticatorTest.java:248)
	at com.safenet.restclient.AuthenticatorTest.loginWithoutOTP(AuthenticatorTest.java:198)
	at com.safenet.restclient.BaseTest.doLogin(BaseTest.java:89)
	at com.safenet.restclient.BaseTest.generateURIParameters(BaseTest.java:42)
	at com.safenet.restclient.TenantTest.requestCreateTenant(TenantTest.java:47)
	at sun.reflect.NativeMethodAccessorImpl.invoke0(Native Method)
	at sun.reflect.NativeMethodAccessorImpl.invoke(NativeMethodAccessorImpl.java:57)
	at sun.reflect.DelegatingMethodAccessorImpl.invoke(DelegatingMethodAccessorImpl.java:43)
	at java.lang.reflect.Method.invoke(Method.java:601)
	at org.junit.runners.model.FrameworkMethod$1.runReflectiveCall(FrameworkMethod.java:44)
	at org.junit.internal.runners.model.ReflectiveCallable.run(ReflectiveCallable.java:15)
	at org.junit.runners.model.FrameworkMethod.invokeExplosively(FrameworkMethod.java:41)
	at org.junit.internal.runners.statements.InvokeMethod.evaluate(InvokeMethod.java:20)
	at org.junit.internal.runners.statements.RunBefores.evaluate(RunBefores.java:28)
	at org.junit.internal.runners.statements.RunAfters.evaluate(RunAfters.java:31)
	at org.junit.runners.BlockJUnit4ClassRunner.runNotIgnored(BlockJUnit4ClassRunner.java:79)
	at org.junit.runners.BlockJUnit4ClassRunner.runChild(BlockJUnit4ClassRunner.java:71)
	at org.junit.runners.BlockJUnit4ClassRunner.runChild(BlockJUnit4ClassRunner.java:49)
	at org.junit.runners.ParentRunner$3.run(ParentRunner.java:193)
	at org.junit.runners.ParentRunner$1.schedule(ParentRunner.java:52)
	at org.junit.runners.ParentRunner.runChildren(ParentRunner.java:191)
	at org.junit.runners.ParentRunner.access$000(ParentRunner.java:42)
	at org.junit.runners.ParentRunner$2.evaluate(ParentRunner.java:184)
	at org.junit.runners.ParentRunner.run(ParentRunner.java:236)
	at org.junit.runners.Suite.runChild(Suite.java:128)
	at org.junit.runners.Suite.runChild(Suite.java:24)
	at org.junit.runners.ParentRunner$3.run(ParentRunner.java:193)
	at org.junit.runners.ParentRunner$1.schedule(ParentRunner.java:52)
	at org.junit.runners.ParentRunner.runChildren(ParentRunner.java:191)
	at org.junit.runners.ParentRunner.access$000(ParentRunner.java:42)
	at org.junit.runners.ParentRunner$2.evaluate(ParentRunner.java:184)
	at org.junit.runners.ParentRunner.run(ParentRunner.java:236)
	at junit.framework.JUnit4TestAdapter.run(JUnit4TestAdapter.java:39)
	at org.apache.tools.ant.taskdefs.optional.junit.JUnitTestRunner.run(JUnitTestRunner.java:520)
	at org.apache.tools.ant.taskdefs.optional.junit.JUnitTestRunner.launch(JUnitTestRunner.java:1060)
	at org.apache.tools.ant.taskdefs.optional.junit.JUnitTestRunner.main(JUnitTestRunner.java:911)
Caused by: java.net.ConnectException: Connection refused: connect
	at java.net.DualStackPlainSocketImpl.connect0(Native Method)
	at java.net.DualStackPlainSocketImpl.socketConnect(DualStackPlainSocketImpl.java:69)
	at java.net.AbstractPlainSocketImpl.doConnect(AbstractPlainSocketImpl.java:339)
	at java.net.AbstractPlainSocketImpl.connectToAddress(AbstractPlainSocketImpl.java:200)
	at java.net.AbstractPlainSocketImpl.connect(AbstractPlainSocketImpl.java:182)
	at java.net.PlainSocketImpl.connect(PlainSocketImpl.java:157)
	at java.net.SocksSocketImpl.connect(SocksSocketImpl.java:391)
	at java.net.Socket.connect(Socket.java:579)
	at sun.security.ssl.SSLSocketImpl.connect(SSLSocketImpl.java:612)
	at org.apache.http.conn.ssl.SSLSocketFactory.connectSocket(SSLSocketFactory.java:375)
	at org.apache.http.conn.ssl.SSLSocketFactory.connectSocket(SSLSocketFactory.java:488)
	at org.apache.http.conn.scheme.SchemeSocketFactoryAdaptor.connectSocket(SchemeSocketFactoryAdaptor.java:62)
	at org.apache.http.impl.conn.DefaultClientConnectionOperator.openConnection(DefaultClientConnectionOperator.java:148)
	... 53 more
]]></system-err>
</testsuite>
