<?xml version="1.0" encoding="UTF-8" ?>
<testsuite errors="0" failures="0" hostname="cloudzon1" name="com.safenet.restclient.RoleTest" tests="3" time="9.032" timestamp="2012-04-26T10:26:47">
  <properties>
[...]
</properties>
  <testcase classname="com.safenet.restclient.RoleTest" name="createRole" time="3.307" />
  <testcase classname="com.safenet.restclient.RoleTest" name="readRole" time="2.823" />
  <testcase classname="com.safenet.restclient.RoleTest" name="deleteRole" time="2.777" />
  <system-out><![CDATA[]]></system-out>
  <system-err><![CDATA[Starting the Apache HTTP client
Starting the Apache HTTP client
Starting the Apache HTTP client
Starting the Apache HTTP client
Stopping the HTTP client
Starting the Apache HTTP client
Stopping the HTTP client
Starting the Apache HTTP client
Stopping the HTTP client
]]></system-err>
</testsuite>
